<?xml version="1.0" encoding="UTF-8"?>
<robot generator="Robot 6.0.2 (Python 3.11.2 on win32)" generated="20230516 12:40:30.546" rpa="false" schemaversion="3">
<suite id="s1" name="TC 1" source="D:\selenium python\skypeRobot\Testcases\TC_1.robot">
<test id="s1-t1" name="Test_case_1" line="6">
<kw name="open the application" library="create_steps">
<kw name="Open Application" library="AppiumLibrary">
<arg>http://localhost:4723/wd/hub</arg>
<arg>platformName=Android</arg>
<arg>deviceName=b997ea31</arg>
<arg>appPackage=com.skype.raider</arg>
<arg>appActivity=com.skype4life.MainActivity</arg>
<doc>Opens a new application to given Appium server.
Capabilities of appium server, Android and iOS,
Please check https://github.com/appium/appium/blob/master/docs/en/writing-running-appium/server-args.md
| *Option*            | *Man.* | *Description*     |
| remote_url          | Yes    | Appium server url |
| alias               | no     | alias             |
| strict_ssl          | No     | allows you to send commands to an invalid certificate host like a self-signed one. |</doc>
<status status="PASS" starttime="20230516 12:40:30.832" endtime="20230516 12:40:40.382"/>
</kw>
<status status="PASS" starttime="20230516 12:40:30.832" endtime="20230516 12:40:40.382"/>
</kw>
<kw name="continue till the email address" library="create_steps">
<kw name="Wait Until Element Is Visible" library="AppiumLibrary">
<arg>${start_button}</arg>
<doc>Waits until element specified with `locator` is visible.</doc>
<status status="PASS" starttime="20230516 12:40:40.384" endtime="20230516 12:40:43.934"/>
</kw>
<kw name="Click Element" library="AppiumLibrary">
<arg>${start_button}</arg>
<doc>Click element identified by `locator`.</doc>
<msg timestamp="20230516 12:40:43.935" level="INFO">Clicking element 'class=android.widget.Button'.</msg>
<status status="PASS" starttime="20230516 12:40:43.934" endtime="20230516 12:40:44.037"/>
</kw>
<kw name="Wait Until Element Is Visible" library="AppiumLibrary">
<arg>${signin}</arg>
<doc>Waits until element specified with `locator` is visible.</doc>
<msg timestamp="20230516 12:40:46.754" level="INFO">xpath criteria: //android.widget.Button[@content-desc='Sign in or create']/android.view.ViewGroup[2]
xpath criteria: //android.widget.Button[@content-desc='Sign in or create']/android.view.ViewGroup[2]</msg>
<status status="PASS" starttime="20230516 12:40:44.037" endtime="20230516 12:40:46.754"/>
</kw>
<kw name="Click Element" library="AppiumLibrary">
<arg>${signin}</arg>
<doc>Click element identified by `locator`.</doc>
<msg timestamp="20230516 12:40:46.756" level="INFO">Clicking element '//android.widget.Button[@content-desc='Sign in or create']/android.view.ViewGroup[2]'.</msg>
<msg timestamp="20230516 12:40:46.997" level="INFO">xpath criteria: //android.widget.Button[@content-desc='Sign in or create']/android.view.ViewGroup[2]</msg>
<status status="PASS" starttime="20230516 12:40:46.755" endtime="20230516 12:40:46.997"/>
</kw>
<status status="PASS" starttime="20230516 12:40:40.382" endtime="20230516 12:40:46.997"/>
</kw>
<kw name="enter email" library="create_steps">
<arg>${email_address}</arg>
<kw name="Wait Until Element Is Visible" library="AppiumLibrary">
<arg>${e_email}</arg>
<doc>Waits until element specified with `locator` is visible.</doc>
<status status="PASS" starttime="20230516 12:40:46.998" endtime="20230516 12:40:48.120"/>
</kw>
<kw name="Input Text" library="AppiumLibrary">
<arg>${e_email}</arg>
<arg>${email_address}</arg>
<doc>Types the given `text` into text field identified by `locator`.</doc>
<msg timestamp="20230516 12:40:48.121" level="INFO">Typing text 'dev2.intellify@gmail.com' into text field 'class=android.widget.EditText'</msg>
<status status="PASS" starttime="20230516 12:40:48.120" endtime="20230516 12:40:48.336"/>
</kw>
<kw name="Click Element" library="AppiumLibrary">
<arg>${next_button}</arg>
<doc>Click element identified by `locator`.</doc>
<msg timestamp="20230516 12:40:48.337" level="INFO">Clicking element '//android.widget.Button[@text="Next"]'.</msg>
<msg timestamp="20230516 12:40:49.067" level="INFO">xpath criteria: //android.widget.Button[@text="Next"]</msg>
<status status="PASS" starttime="20230516 12:40:48.336" endtime="20230516 12:40:49.067"/>
</kw>
<status status="PASS" starttime="20230516 12:40:46.998" endtime="20230516 12:40:49.067"/>
</kw>
<kw name="get OTP on gmail" library="create_steps">
<try>
<branch type="TRY">
<kw name="Wait Until Element Is Visible" library="AppiumLibrary">
<arg>${click_send}</arg>
<doc>Waits until element specified with `locator` is visible.</doc>
<msg timestamp="20230516 12:40:54.759" level="INFO">&lt;?xml version='1.0' encoding='UTF-8' standalone='yes' ?&gt;
&lt;hierarchy index="0" class="hierarchy" rotation="0" width="1080" height="1920"&gt;
  &lt;android.widget.FrameLayout index="0" package="com.skype.raider" class="android.widget.FrameLayout" text="" checkable="false" checked="false" clickable="false" enabled="true" focusable="false" focused="false" long-clickable="false" password="false" scrollable="false" selected="false" bounds="[0,0][1080,1920]" displayed="true"&gt;
    &lt;android.widget.LinearLayout index="0" package="com.skype.raider" class="android.widget.LinearLayout" text="" checkable="false" checked="false" clickable="false" enabled="true" focusable="false" focused="false" long-clickable="false" password="false" scrollable="false" selected="false" bounds="[0,0][1080,1920]" displayed="true"&gt;
      &lt;android.widget.FrameLayout index="0" package="com.skype.raider" class="android.widget.FrameLayout" text="" checkable="false" checked="false" clickable="false" enabled="true" focusable="false" focused="false" long-clickable="false" password="false" scrollable="false" selected="false" bounds="[0,63][1080,1174]" displayed="true"&gt;
        &lt;android.widget.LinearLayout index="0" package="com.skype.raider" class="android.widget.LinearLayout" text="" resource-id="com.skype.raider:id/action_bar_root" checkable="false" checked="false" clickable="false" enabled="true" focusable="false" focused="false" long-clickable="false" password="false" scrollable="false" selected="false" bounds="[0,63][1080,1174]" displayed="true"&gt;
          &lt;android.widget.FrameLayout index="0" package="com.skype.raider" class="android.widget.FrameLayout" text="" resource-id="android:id/content" checkable="false" checked="false" clickable="false" enabled="true" focusable="false" focused="false" long-clickable="false" password="false" scrollable="false" selected="false" bounds="[0,63][1080,1174]" displayed="true"&gt;
            &lt;android.widget.FrameLayout index="0" package="com.skype.raider" class="android.widget.FrameLayout" text="" checkable="false" checked="false" clickable="false" enabled="true" focusable="false" focused="false" long-clickable="false" password="false" scrollable="false" selected="false" bounds="[0,63][1080,1174]" displayed="true"&gt;
              &lt;android.view.ViewGroup index="0" package="com.skype.raider" class="android.view.ViewGroup" text="" checkable="false" checked="false" clickable="false" enabled="true" focusable="false" focused="false" long-clickable="false" password="false" scrollable="false" selected="false" bounds="[0,63][1080,1174]" displayed="true"&gt;
                &lt;android.view.ViewGroup index="0" package="com.skype.raider" class="android.view.ViewGroup" text="" checkable="false" checked="false" clickable="false" enabled="true" focusable="false" focused="false" long-clickable="false" password="false" scrollable="false" selected="false" bounds="[0,63][1080,1174]" displayed="true"&gt;
                  &lt;android.view.ViewGroup index="1" package="com.skype.raider" class="android.view.ViewGroup" text="" checkable="false" checked="false" clickable="false" enabled="true" focusable="false" focused="false" long-clickable="false" password="false" scrollable="false" selected="false" bounds="[0,63][1080,1174]" displayed="true"&gt;
                    &lt;android.view.ViewGroup index="0" package="com.skype.raider" class="android.view.ViewGroup" text="" checkable="false" checked="false" clickable="false" enabled="true" focusable="false" focused="false" long-clickable="false" password="false" scrollable="false" selected="false" bounds="[0,63][1080,1174]" displayed="true"&gt;
                      &lt;android.view.ViewGroup index="0" package="com.skype.raider" class="android.view.ViewGroup" text="" checkable="false" checked="false" clickable="false" enabled="true" focusable="false" focused="false" long-clickable="false" password="false" scrollable="false" selected="false" bounds="[0,63][1080,1174]" displayed="true"&gt;
                        &lt;android.view.ViewGroup index="0" package="com.skype.raider" class="android.view.ViewGroup" text="" checkable="false" checked="false" clickable="false" enabled="true" focusable="false" focused="false" long-clickable="false" password="false" scrollable="false" selected="false" bounds="[0,63][1080,1174]" displayed="true"&gt;
                          &lt;android.view.ViewGroup index="0" package="com.skype.raider" class="android.view.ViewGroup" text="" checkable="false" checked="false" clickable="false" enabled="true" focusable="false" focused="false" long-clickable="false" password="false" scrollable="false" selected="false" bounds="[0,244][1080,1174]" displayed="true"&gt;
                            &lt;android.view.ViewGroup index="0" package="com.skype.raider" class="android.view.ViewGroup" text="" checkable="false" checked="false" clickable="false" enabled="true" focusable="false" focused="false" long-clickable="false" password="false" scrollable="false" selected="false" bounds="[0,244][1080,1174]" displayed="true"&gt;
                              &lt;android.view.ViewGroup index="0" package="com.skype.raider" class="android.view.ViewGroup" text="" checkable="false" checked="false" clickable="false" enabled="true" focusable="false" focused="false" long-clickable="false" password="false" scrollable="false" selected="false" bounds="[0,244][1080,1174]" displayed="true"&gt;
                                &lt;android.view.ViewGroup index="1" package="com.skype.raider" class="android.view.ViewGroup" text="" checkable="false" checked="false" clickable="false" enabled="true" focusable="false" focused="false" long-clickable="false" password="false" scrollable="false" selected="false" bounds="[0,244][1080,1174]" displayed="true"&gt;
                                  &lt;android.webkit.WebView index="0" package="com.skype.raider" class="android.webkit.WebView" text="" checkable="false" checked="false" clickable="false" enabled="true" focusable="false" focused="false" long-clickable="false" password="false" scrollable="false" selected="false" bounds="[0,244][1080,1174]" displayed="true"&gt;
                                    &lt;android.webkit.WebView index="0" package="com.skype.raider" class="android.webkit.WebView" text="Sign in to Skype" checkable="false" checked="false" clickable="false" enabled="true" focusable="true" focused="false" long-clickable="false" password="false" scrollable="true" selected="false" bounds="[0,244][1080,1177]" displayed="true"&gt;
                                      &lt;android.view.View index="0" package="com.skype.raider" class="android.view.View" text="" resource-id="i0281" checkable="false" checked="false" clickable="false" enabled="true" focusable="false" focused="false" long-clickable="false" password="false" scrollable="false" selected="false" bounds="[0,244][1080,249]" displayed="true"&gt;
                                        &lt;android.view.View index="0" package="com.skype.raider" class="android.view.View" text="" resource-id="lightboxTemplateContainer" checkable="false" checked="false" clickable="false" enabled="true" focusable="false" focused="false" long-clickable="false" password="false" scrollable="false" selected="false" bounds="[0,244][1080,249]" displayed="true"&gt;
                                          &lt;android.widget.TextView index="0" package="com.skype.raider" class="android.widget.TextView" text="" resource-id="lightboxBackgroundContainer" checkable="false" checked="false" clickable="false" enabled="true" focusable="false" focused="false" long-clickable="false" password="false" scrollable="false" selected="false" bounds="[0,244][1080,249]" displayed="true" /&gt;
                                          &lt;android.view.View index="1" package="com.skype.raider" class="android.view.View" text="" checkable="false" checked="false" clickable="false" enabled="true" focusable="false" focused="false" long-clickable="false" password="false" scrollable="false" selected="false" bounds="[0,244][1080,1177]" displayed="true"&gt;
                                            &lt;android.view.View index="0" package="com.skype.raider" class="android.view.View" text="" checkable="false" checked="false" clickable="false" enabled="true" focusable="false" focused="false" long-clickable="false" password="false" scrollable="false" selected="false" bounds="[0,244][1080,1177]" displayed="true"&gt;
                                              &lt;android.view.View index="0" package="com.skype.raider" class="android.view.View" text="Microsoft" checkable="false" checked="false" clickable="false" enabled="true" focusable="false" focused="false" long-clickable="false" password="false" scrollable="false" selected="false" bounds="[0,244][1080,1177]" displayed="true"&gt;
                                                &lt;android.view.View index="0" package="com.skype.raider" class="android.view.View" text="" resource-id="lightbox" checkable="false" checked="false" clickable="false" enabled="true" focusable="false" focused="false" long-clickable="false" password="false" scrollable="false" selected="false" bounds="[0,244][1080,1133]" displayed="true"&gt;
                                                  &lt;android.widget.TextView index="0" package="com.skype.raider" class="android.widget.TextView" text="" checkable="false" checked="false" clickable="false" enabled="true" focusable="false" focused="false" long-clickable="false" password="false" scrollable="false" selected="false" bounds="[0,244][1080,1133]" displayed="true" /&gt;
                                                  &lt;android.view.View index="1" package="com.skype.raider" class="android.view.View" text="" checkable="false" checked="false" clickable="false" enabled="true" focusable="false" focused="false" long-clickable="false" password="false" scrollable="false" selected="false" bounds="[63,307][1021,372]" displayed="true"&gt;
                                                    &lt;android.widget.Image index="0" package="com.skype.raider" class="android.widget.Image" text="Microsoft" checkable="false" checked="false" clickable="false" enabled="true" focusable="false" focused="false" long-clickable="false" password="false" scrollable="false" selected="false" bounds="[63,307][349,372]" displayed="true" /&gt;
                                                  &lt;/android.view.View&gt;
                                                  &lt;android.view.View index="2" package="com.skype.raider" class="android.view.View" text="" checkable="false" checked="false" clickable="false" enabled="true" focusable="false" focused="false" long-clickable="false" password="false" scrollable="false" selected="false" bounds="[63,412][1021,955]" displayed="true"&gt;
                                                    &lt;android.view.View index="0" package="com.skype.raider" class="android.view.View" text="" checkable="false" checked="false" clickable="false" enabled="true" focusable="false" focused="false" long-clickable="false" password="false" scrollable="false" selected="false" bounds="[63,506][1021,955]" displayed="true"&gt;
                                                      &lt;android.view.View index="0" package="com.skype.raider" class="android.view.View" text="" resource-id="loginHeader" checkable="false" checked="false" clickable="false" enabled="true" focusable="false" focused="false" long-clickable="false" password="false" scrollable="false" selected="false" bounds="[63,506][1021,582]" displayed="true"&gt;
                                                        &lt;android.widget.TextView index="0" package="com.skype.raider" class="android.widget.TextView" text="Enter password" checkable="false" checked="false" clickable="false" enabled="true" focusable="false" focused="false" long-clickable="false" password="false" scrollable="false" selected="false" bounds="[63,506][1021,582]" displayed="true" /&gt;
                                                      &lt;/android.view.View&gt;
                                                      &lt;android.view.View index="1" package="com.skype.raider" class="android.view.View" text="" checkable="false" checked="false" clickable="false" enabled="true" focusable="false" focused="false" long-clickable="false" password="false" scrollable="false" selected="false" bounds="[63,611][1021,708]" displayed="true"&gt;
                                                        &lt;android.view.View index="1" package="com.skype.raider" class="android.view.View" text="" checkable="false" checked="false" clickable="false" enabled="true" focusable="false" focused="false" long-clickable="false" password="false" scrollable="false" selected="false" bounds="[65,611][1015,708]" displayed="true"&gt;
                                                          &lt;android.widget.EditText index="0" package="com.skype.raider" class="android.widget.EditText" text="" resource-id="i0118" checkable="false" checked="false" clickable="true" enabled="true" focusable="true" focused="true" long-clickable="false" password="true" scrollable="false" selected="false" bounds="[65,611][1015,708]" displayed="true" /&gt;
                                                        &lt;/android.view.View&gt;
                                                      &lt;/android.view.View&gt;
                                                      &lt;android.view.View index="2" package="com.skype.raider" class="android.view.View" text="" checkable="false" checked="false" clickable="false" enabled="true" focusable="false" focused="false" long-clickable="false" password="false" scrollable="false" selected="false" bounds="[63,748][1021,805]" displayed="true"&gt;
                                                        &lt;android.view.View index="0" package="com.skype.raider" class="android.view.View" text="" checkable="false" checked="false" clickable="false" enabled="true" focusable="false" focused="false" long-clickable="false" password="false" scrollable="false" selected="false" bounds="[65,748][1015,805]" displayed="true"&gt;
                                                          &lt;android.view.View index="0" package="com.skype.raider" class="android.view.View" text="" content-desc="Forgot password?" resource-id="idA_PWD_ForgotPassword" checkable="false" checked="false" clickable="true" enabled="true" focusable="true" focused="false" long-clickable="false" password="false" scrollable="false" selected="false" bounds="[65,755][341,797]" displayed="true"&gt;
                                                            &lt;android.widget.TextView index="0" package="com.skype.raider" class="android.widget.TextView" text="Forgot password?" checkable="false" checked="false" clickable="false" enabled="true" focusable="false" focused="false" long-clickable="false" password="false" scrollable="false" selected="false" bounds="[65,755][341,797]" displayed="true" /&gt;
                                                          &lt;/android.view.View&gt;
                                                        &lt;/android.view.View&gt;
                                                      &lt;/android.view.View&gt;
                                                      &lt;android.view.View index="3" package="com.skype.raider" class="android.view.View" text="" checkable="false" checked="false" clickable="false" enabled="true" focusable="false" focused="false" long-clickable="false" password="false" scrollable="false" selected="false" bounds="[63,868][1021,955]" displayed="true"&gt;
                                                        &lt;android.widget.Button index="0" package="com.skype.raider" class="android.widget.Button" text="Sign in" resource-id="idSIButton9" checkable="false" checked="false" clickable="true" enabled="true" focusable="true" focused="false" long-clickable="false" password="false" scrollable="false" selected="false" bounds="[735,868][1021,955]" displayed="true" /&gt;
                                                      &lt;/android.view.View&gt;
                                                    &lt;/android.view.View&gt;
                                                  &lt;/android.view.View&gt;
                                                &lt;/android.view.View&gt;
                                              &lt;/android.view.View&gt;
                                            &lt;/android.view.View&gt;
                                          &lt;/android.view.View&gt;
                                        &lt;/android.view.View&gt;
                                      &lt;/android.view.View&gt;
                                    &lt;/android.webkit.WebView&gt;
                                  &lt;/android.webkit.WebView&gt;
                                &lt;/android.view.ViewGroup&gt;
                              &lt;/android.view.ViewGroup&gt;
                            &lt;/android.view.ViewGroup&gt;
                          &lt;/android.view.ViewGroup&gt;
                        &lt;/android.view.ViewGroup&gt;
                      &lt;/android.view.ViewGroup&gt;
                    &lt;/android.view.ViewGroup&gt;
                    &lt;android.view.ViewGroup index="1" package="com.skype.raider" class="android.view.ViewGroup" text="" checkable="false" checked="false" clickable="false" enabled="true" focusable="false" focused="false" long-clickable="false" password="false" scrollable="false" selected="false" bounds="[485,104][595,214]" displayed="true"&gt;
                      &lt;android.widget.ImageView index="0" package="com.skype.raider" class="android.widget.ImageView" text="" checkable="false" checked="false" clickable="false" enabled="true" focusable="false" focused="false" long-clickable="false" password="false" scrollable="false" selected="false" bounds="[485,104][595,214]" displayed="true" /&gt;
                    &lt;/android.view.ViewGroup&gt;
                  &lt;/android.view.ViewGroup&gt;
                &lt;/android.view.ViewGroup&gt;
              &lt;/android.view.ViewGroup&gt;
            &lt;/android.widget.FrameLayout&gt;
          &lt;/android.widget.FrameLayout&gt;
        &lt;/android.widget.LinearLayout&gt;
      &lt;/android.widget.FrameLayout&gt;
    &lt;/android.widget.LinearLayout&gt;
  &lt;/android.widget.FrameLayout&gt;
&lt;/hierarchy&gt;</msg>
<kw name="Capture Page Screenshot" library="AppiumLibrary">
<doc>Takes a screenshot of the current page and embeds it into the log.</doc>
<msg timestamp="20230516 12:40:55.343" level="INFO" html="true">&lt;/td&gt;&lt;/tr&gt;&lt;tr&gt;&lt;td colspan="3"&gt;&lt;img src="data:image/png;base64, iVBORw0KGgoAAAANSUhEUgAABDgAAAeACAYAAAArYecKAAAAAXNSR0IArs4c6QAAAARzQklUCAgI
CHwIZIgAACAASURBVHic7N15nFxlnff976nq6jVLZ18hISEBwhaTQCAqIImgbA7Ioo5KRNAJDyNC
nhmUuVXUZ3QYHmBQbxK3MYA3IBEdTCACAsoOCSGBEMhu6Cxk7SS9d1edc/9RdU5d59Sp7qpeq5rP
+/Vqq+qsV5WCXd/+Xb/LchzHEQAAAAAAQBGL9PUAAAAAAAAAuoqAAwAAAAAAFD0CDgAAAAAAUPQI
OAAAAAAAQNEj4AAAAAAAAEWPgAMAAAAAABQ9Ag4AAAAAAFD0CDgAAAAAAEDRI+AAAAAAAABFj4AD
AAAAAAAUPQIOAAAAAABQ9Er6egDo/2zb1qFDh/Tmm29q/fr12r17t+rr6yVJVVVVGj16tKZNm6YZ
M2ZoyJAhikTI3QAAAAAA+bEcx3H6ehDon3bu3KkHHnhA77//vmzbVkf/U7MsS5FIROPGjdMXvvAF
HXPMMb00UgAAAABAsSPgQLc7ePCgbr31VknqMNTIxrIsSdKiRYu85wAAAAA+PA4fPqz6+no1NTWp
qqpKAwYM0MCBA/t6WNq4caPuvPNOSdKZZ56p+fPn+/YvWbJEr7zyiiRpwYIFmj59erfev7m5Wbt2
7dJRRx2lWCzWrdcOs3TpUj399NPtHnPMMcfo29/+do+PpSNMUUG3aWtr0x133KH333+/08GGyz3/
N7/5ja655pruGB4AAAAgKfm7ZjweVzwe7+uh9KpIJKJYLFZwU8K3bNmiN998U1u3blVdXZ0XamTj
Bh3V1dWaPHmyjjvuOE2ZMqXXxjt16lTNnTtXzzzzjF555RXNmTNHU6dOlZQMP9xwY+rUqT0SbmzZ
skWJREKHDx/W8OHDu/X6xY6AA93iwIED+u53v9vt/yexZs0aOY4jy7LU0tKisrKybr0+AAAAPjxs
21ZDQ4P27t2r2tpaNTY29vWQMri/+/bEubFYTMOHD9fo0aNVVVXVp0HHhg0btHr1aq1Zs0aHDh3K
69y6ujrV1dVp165dWr9+vZYtW6aysjJNnz5ds2bN0imnnNJDo0676KKL9PLLL6upqUnLly/XzTff
LElatmyZJKmiokJXX311t96zublZW7duVSKRkCTvEWkFGXC0trZq48aNOvbYY1VeXt6p899//33t
2LFD9fX1amtrU0VFhYYNG6YJEyZo5MiRPTDq7Orq6rRnzx7v9dixY1VZWZnTuY7jaO/evdq2bZtq
a2vV0tKiiooKjRw5UpMmTdLgwYN7atg5e+utt3Tvvfd2uWojTGtrq+rq6jRo0CD9+c9/1vjx4zVz
5sxuvw8AAAD6v8bGRr300kt6/PHH1dra2tfD6ROlpaW64IIL9LGPfaxXp3s4jqONGzfqjTfe0Jtv
vqkjR4506/VbWlr02muv6bXXXtPAgQN19tln6+Mf/7iqq6u79T6uyspKzZ8/X4sWLdKGDRu0Zs0a
VVZWauPGjZKkiy++uFurK9xwozeqjvbs2aP9+/d7rw8ePNjhOc3NzXrnnXe815WVlX3SU7FgAg7H
cVRTU6PVq1frpZde0pEjR/SjH/0or4AjkUjoxRdf1IoVK1RbW5v1uJkzZ+ozn/mMRo0a1R1Db5fj
OHr44Ye1atUqb9stt9yiSZMmdXju7t279ac//UmrV68O3R+NRjV37lydf/75GjBgQLeNOR9bt27t
sXBDSn5+69ev1xlnnKEJEyZo8eLFqqys1AknnNAj9wMAAED/dfDgQa1Zs+ZDG25IyT8gvvrqqzru
uON6LeDYsGGDnnvuOa1du1a2bff4/erq6rR8+XKtWLFCs2bN0ic/+UkdddRR3X6f6dOna+rUqdq4
caMeeeQRb/v48eM1d+7cbrtPb4Yb999/v1588cW8z9u9e7fuuece37Zp06bpm9/8ZncNLSd9HnAc
PnxYb731ll5++WVt3bq109dpaWnRAw88oJUrV3Z47BtvvKF3331X119/fY/P1XrjjTd84UauNmzY
oMWLF7dbNpdIJPTUU0/p3Xff1YIFCzRs2LCuDDVvhw4d0n/+53/2WLjhWrt2rc444wxVV1fLcRzd
c889+tGPfqShQ4f26H0BAADQv9i2rba2tr4eRp87ePCgWlpaevw+8Xhcy5Yt09NPP90n0ykSiYRe
e+01rV27Vueff74++clPdntTzvnz5+uHP/yhDhw44NvWXcyeG72hM99ds1m/fr3i8bhKSnovduiT
gKOtrU0bNmzQypUrtXLlyi7/l+U4jv7whz/4wo1zzjlHs2bN0ogRIxSLxXT48GG9/fbbWr58uVpb
W9XY2Kif//zn+rd/+zcNGTKkq28p1JEjR7R06dK8z6utrdUvf/lLL9wYOXKkLrnkEk2ePFnl5eWq
q6vT22+/rWXLlqm5uVk1NTW677779I1vfKPX/sdj27Zuu+22Hg83JGnXrl1yHMdL2h3H0W233aa7
775b0Wi0x+8PAAAA9Cetra09XkmxYcMGPfDAA9q3b1+P3icXzc3Neuyxx7Rq1Sr98z//c7d+/xs2
bJiGDRumHTt2SJKOOuqobqsW6e1ww71nd2poaOjVtgp90lXmrrvu0k9/+lO9+uqrvv+yJkyY0Knr
bdq0SX/961+911/5ylf0+c9/XlOmTFF1dbWqqqo0duxYnX/++brhhhu84+rq6vTcc891+n105E9/
+lPeDXMk6YknnlBdXZ0kacyYMVq4cKFOO+00DR06VJWVlRo1apTmzZunG2+8UaWlpZKS/wLpzrSt
Iw8++GC7nY27U11dnSzL8vUxaWlp0W9+85teuT8AAACA3D3zzDO65557CiLcMO3cuVM//OEPfb0i
uuqZZ57xwg1Jqqmp0TPPPNPl6/ZFuNEf9EnAYZZDjRkzRpdddpl+8IMf6Otf/3qnrmeGG3PmzNEZ
Z5yR9djjjjtO559/vvf69ddf75H0ct26dXrhhRckSSeeeGLO5zU2NurVV1/1Xl922WVZG+NMmjRJ
5513nvf65Zdf7uRo89eZeVmd5c4127Bhg297bwY6AAAAANrX0tKiRYsW6ZFHHinYL+YNDQ366U9/
qieeeKLL1eiNjY1avny5JOnMM8/URRddJElavny5b8pKvrZs2aJHH320YD/DQtYnU1TKyso0b948
feQjH9GkSZO85Yk68z+C5uZmvfXWW97rM888s8Nzpk+frieffFJScjrIkSNHurW7bmNjo9dkprS0
VJdeemnOKeHmzZu9qRiDBg3StGnT2j1+5syZ3j9UGzZsUG1tbY9NuXH9r//1v9r9l0G2pak6+y+Q
0tJSOY6j7du3Z1xv4cKFuvPOOzt1XQAAAADdo6WlRb/4xS+0bt26vh5KhxzH0WOPPaaamhpdc801
ne7LsWTJEjU2NqqiokIXX3yxKioq9Mwzz6ixsVFLlizRwoUL877mli1b9JOf/EQnn3xyp8bUkz75
yU/qiiuuCN33+OOP67HHHuvlEWXqk4Dj5ptv7rbmLrW1tb5GQWPGjOnwnGAAkK2L8urVq7V27VqN
GDFC8+bNy3lFlyeeeMKbTvEP//APGj16dE7nSdIHH3zgPZ82bVqHPTXGjBmjwYMH6/Dhw5KSS/r0
ZMARj8czgijLsmRZloYPH65TTz1VJ554ooYNGybbtrVv3z69//772rVrlyZPnqzVq1dr27ZtSiQS
OQce7pytsJVxGhsb1dbW1u3NggAAAIB8RaNRlZWVKR6Py7btXln1olD87ne/K4pww7R69WoNGTJE
V155Zd7nrlmzRmvXrpUkzZ0711vw4corr9R9992njRs36uWXX9acOXNyvuaWLVt0zz339EoD2M7I
1lKivr7eKyDoa30ScHTnl9EBAwb4prZUVVV1eE6wcUplZWXGMbt379bPf/5z73UsFvNNbclm8+bN
evrppyVJkydP1tlnn51X5YIZcOQSjFiWpfHjx3sBx969e3X88cfnfL98vfjii96UHsuyNGTIEH3x
i1/0Kk327Nmj3//+9xn/cvvhD3+oESNG6Nxzz5WUXD3n4Ycf1po1azqcIjR+/HjV1taG/h+Ebdta
sWKFLrnkku54ewAAAPgQikQiKisrk5T8635bW1vG9ADLsrw/eDqOo5aWFt/v+dFoVBMmTNCMGTO0
e/du1dbWaseOHWpsbPT9HltRUeE9j8fjvj/WlpWVedXt7YnH44rH4yorK8taPe1qaWnplaVZL7/8
cm3dulW7d+/u8Xt1l9GjR3vTSvLR2Nio++67T1Kyyai5JOycOXO8vhxLly7V9OnTQ79vBhV6uCFJ
I0aMCN2+YsWKbm9O2ll9vkxsVw0cOFAzZszI65ydO3d6zydMmKABAwZkHOM2+XSFVQ8EtbS06OGH
H/ZeX3nllSopKclrKSo3qJAUOq4w5nKp7S0r21W2besvf/mLF2wsXLhQw4cPlyStXLlSDz30kBob
GzMCnUgkkrGE7eDBg/X1r39dbW1teuyxx/SXv/wlaxA0Y8aMdufIvfLKKwQcAAAA6LQhQ4bonHPO
USQSUWNjo9auXetrHGlZlqqrqzVv3jw5jqOGhgY999xzvi91paWlmjdvnqZPn65oNCrbtrVlyxY9
88wzWr9+vVpaWmRZlu8L9fr167V+/Xrv99zTTjtNo0aN6jDk2LRpk9avX6+zzz5bgwYNavfY5557
Tvv37+/Mx5KXyspK3XzzzbrrrruKIuQYPXq0Fi5cmFP4EOROTZGkiy66KOMaV111le68804vCFmw
YEG71yuGcEOSjjnmmIxt9fX1Xu/JQlD0AUe+HMfxNePM1rNj4sSJOuGEE/Tuu+9q4MCB7TYudf3l
L39RTU2NJOmCCy7QxIkT8x6f+S9JN0XuiLuSiqQeX9nkwIEDuvXWW3X00Ud791u4cGG7DXAGDRqU
9V/SsVhMl19+uS6//HLdcMMNisfjviDDsixNmTJFixYtynr9XMInAAAAIJvKykrNnDlTw4YNU11d
nWzb9gUcZWVlmjFjhubNm6dEIqFNmzZpxYoVvmu0trbqhRde0IABAzR27FjFYjFNnjxZkyZN0rJl
y/Tss8+qra1N8+bN885paWnRu+++6/3+O336dJ144okdBhyRSESbN2/WnDlzOqz6Xr16da8EHFLy
9/5iCDnccKOjcCib66+/vt39U6dO9c0GaE+xhBvZelYWUvWG9CEMON5++22v4efgwYN1+umnhx5X
Wlqqb3zjG6qtrVVVVVWH/Tdqamr0+OOPS0r2xchlOksYM6DIpTxNkq9PR0/+g9Hc3Ky7777b+yye
fPJJ/fGPf+xwCs6xxx6b0/V/+tOf6qGHHtLzzz/vXbOyslKrVq3qcodjAAAAIJvGxkZt2rRJw4YN
U0VFhaZMmaInn3zSm9pRVlbm/fW6paVF69evz7iGbdvavn27Fi1apMGDB+uEE07Qxz/+cY0dO1aX
XHKJHMfxprJn09TUpLq6OkUiEUWjUVVUVHhTUJqamrzfidva2jJ+P25ra8uYNiOp11ficEOO22+/
vdeClXwMGzasS+FGdyqWcEPK7GMpFV71hvQhCzhqa2v10EMPea+vuOKKdnt2hE2tCBOPx/W73/3O
+5fHVVddlXND0qCu/guoJ4MAt/TKcRzde++9evvtt3O6X64Bh2VZ+sIXvqBRo0Zp6dKlchxHc+bM
8VakyYbwAwAAAF1RV1end955R7Nnz1ZJSYmGDx+u0aNHa9euXZKSfTOmTp0qKRk0rFmzJuMaFRUV
WrBggQ4ePKh169Zp5cqV2rZtm77+9a9ryJAhOu+88/TGG2+0O45f//rX3vPJkyfrhhtu8H4Hv+++
+7xp9M3NzRlfil9++WUtX75cR44c6fwH0U3MSo5CCjkINzov7DtdoVVvSFJuJQL9QGtrq+6//34d
PHhQkjR79mzNmjWrW679/PPPa9OmTZKks846SyeccEK3XLdQ3XHHHXrrrbdyDhZGjRqV1/Xnzp2r
yy+/XJFIRA0NDXn1MAEAAADy1dra6jUGlZIVG+6KEbFYTGPHjtXgwYOVSCS0b98+b8VEk2VZqqqq
0vTp0zV//nz9y7/8iw4fPqzFixfr0KFDvkamnbF9+3Zt3rxZmzdv1o4dOzIa8EciEcViMd9PNBrt
sAlpTxk2bJhuvvlmb0XEvjZ48GAtXLgwpz9g97RiCzekzIU5CrF6Q/qQVHDYtq1HHnnEKyUbM2aM
Lr/88m75h33Pnj364x//KCk5L+niiy/u8jULleM4evDBB7V169a8zjM7Redq3rx5qqurK5jlhgAA
ANC/NTQ0aNOmTZo9e7ZXsfHqq69mTE959913vXMikYhKSkoUjUaVSCR0xx13aNy4cTr33HN16qmn
6p/+6Z/0s5/9TD/72c80ZMgQryKkJ0yYMEHz5s3zfWnevn273nvvvR7v05eNWzFx5513+hZT6G2E
G10XXCK2oaFBX/va13zb9u3b55sx0Rc+FAHHsmXLvHSpsrJS1157bbeUJbnBSWtrq6TklJdCKHfq
KStWrNALL7yQ95SQzlRgHDlyRE899RTTTwAAANAr6uvrtW7dOp1++ukqKyvTxIkTVV5ervLych13
3HGS/AFHLBbTlClTdN555+mEE06Qbdvat2+fXnvtNT3wwANqbm7WrFmzNGfOHD355JPasWNHzj32
OuPoo4/2FgJwvfjii9q+fXufBRxSspp74cKFuv3229XQ0NDr96+qqtLChQvzrirvCcUabkjKWEBj
1KhRGZ/pj3/8414cUbh+H3A899xzeuKJJ7zX1157rcaPH98t13711Ve1bt06ScmlTGfOnNnla5oN
Q3P9cm8eF4vFujyGbDZv3typwOHQoUN5Hd/U1KRbb721V9brBgAAAKTkNJVdu3bp0KFDGjJkiCoq
KnTCCSfo8OHDmjBhgmzb1uHDh7V9+3aVlJTouOOO03XXXafy8nLZti3btjVy5Eh9+tOfVnl5uR58
8EHt2bNHzz//fK+M37btjH5+iUSiIP5gOGrUKN100026++67ezXkqKqq0k033US40Q22b9/uPR8+
fHjGZ7p06VJt27att4eVoV8HHKtXr9bDDz/svb7mmmt04okndsu1a2tr9eijj0pKTsH47Gc/2y1T
XgYMGOA9z7Xywa0gkXJfWrYzzjnnHN863bnavn171tVqgvbv36/vfve7eTVb7at5hQAAAOhfGhsb
tXHjRs2ePVtlZWU6/vjjvT/WtbS06L333pOU/J175syZKi8vV2trq1566SW98cYb+spXvqJhw4bp
rLPO0ooVK3p1uvULL7xQME1Gwxx11FG9GnK44cZRRx3V4/fqSLGHG5J0zz33eM+vvfZaX8Cxbdu2
DlcI6i39NuDYuHGj/vu//9t7/bnPfU6zZ8/ulms7jqNHH31U9fX1kqRoNKolS5a0e7zpwQcf9FZZ
icViuvHGG7195qouuf4DYJac9WTAccIJJ8iyrLwDjo0bN3Z4jOM4ev755/Xwww9TuQEAAIA+4U5T
mT17tsrLy3XyySerpqZGUub0FLdkv6WlRc8//7wOHDigd955R2eddZYikYgmT56st99+u6/eSp9q
bGzU0qVLdcUVV/iaU7ohxx133NGjX/bLysoIN3pQ8I/Xv/nNb/poJJn6ZcBRU1Ojn//8514FxMUX
X6xPfOIT3Xb9eDyulStXeq/r6+u9VVRyHZ/LrNiQ5Gt8k+uSSh988IH3fOjQoTmPI18lJSUqKyvL
ew5fTU2NbNvOOuewoaFB3//+9zvdeKgnQx0AAAB8eLS2tmrnzp06dOiQqqurVV1drcrKStm2rUOH
DnkVHI7jeMtjWpaliooKRSIRr7m+4zg5/85sWZavIrkrU0qC1+rq9TqjsbFRd911l2pqalRTU6Ob
b745I+S48cYbe+xLf1lZmW688UbCjR4ybdo03+v777/f9320r/W7gGP//v1avHixV10xd+5cXXjh
hd16D8uyMrrItse2bV+oMXr0aO9LeWlpqe/YsWPHes9zmcPU1NSkHTt2eK9HjBiR87jyZVmWTjzx
RK1atSrvc1taWjJWU9m/f7+WLFnS6d4eLndNcgAAAKCrmpqatHHjRp1++umKRCIqLy9XU1OTF25I
yank27Zt06RJk1RRUaHLLrtMK1eu1EknnSQpGSrs3Lmzw3tdcMEFuuCCC3zb/vznP/t6CObq7LPP
1llnnZWx/eGHH9Zrr73Wa41GFy1a5H33qamp0aJFi7Rw4ULfMZMnT9aNN96ou+++u1MLEmTjVsdP
njy5267ZWf0x3JCkKVOmeM/XrVunF198sQ9Hk6lfBRxHjhzR4sWLvcqHOXPmdFtvDFNJSYluvfXW
nI9va2vTDTfc4L2++uqrNWnSpNBjzQaoW7Zs0YEDB9pdzmjLli1ev4ry8vIeb6Dzmc98Rm+88UZe
gYTjOFq6dKk+97nPqba2Vn/729/0/PPPKx6PdzlRtixLn/nMZ7p0DQAAAMDV3Nyc0UOuubnZF3A0
NTXphRde0IwZMzRkyBBNnjxZkyZNUiQSUVtbm/72t7/lFCiEfU/pyneXvu5Nt2TJkozp6Rs3btSS
JUs0f/583/bJkydrwYIFWrRoUbeEHLFYTAsWLCiYcOMnP/lJvws3JGnWrFmSkrMY7r///j4eTaZ+
E3A0Nzfr17/+tZcWfuQjH9EXvvAFRaPRPh5ZfsaPH6+jjjrKex/PP/+8Lr300tBjbdvWs88+670+
/fTTvd4ePWXkyJGKxWK+xqa5ePnll/X66693S6hhikaj3bYqDgAAANDY2Ki3335b06dP97YdPHjQ
F3A4jqM9e/bojjvu0OzZszVt2jQ5jqP6+nq99tpreuutt0Kv7ThOh1PbDxw4INu21dzcrC1btni/
34eFANu3b1ddXV271zt8+HCv9LhbsmSJXnnlldB97vZgyHHiiSfq+uuv17333tulkMMNN7prQYmu
6K+VG1JyJoL7B/Xf/va3ea+W2Rv6RcARj8f1wAMPeP/SOf7443X11Vd3ecnU1atXa+3atRoxYoTm
zZvX4+GBlExdzz33XN13332SkiVqo0eP1hlnnOFLZG3b1vLly/XOO+94284888weH58k/eu//qv+
/d//Pe8qjk996lNavnx5t43Dsizdcsst3XY9AAAAQJL27t3rWzXCcZyM331t29bBgwf15JNPeitI
OI7jLRkbxnEc33XDJBIJ2batXbt2afHixd53gHg8nnHs/fff32HVhnu9njZ//vyMACMX06ZN0/XX
X6+f/exnea2k6IpEIoQbveTYY4+VJL3++utavXp1H48mXL8IOB5//HFfXwjLsnzLw+biYx/7mG8+
0e7du/Xzn//cex2LxXT++ed3fbA5OOOMM7RmzRqtXbtWUjINffPNN3XKKaeoqqpKhw8f1sqVK7V5
82bvnE996lNZp710t/Hjx6uiokKNjY15nffnP/9ZX/ziF/Xb3/62W6o4KioqCqJ5EAAAAPoXx3Fy
qihwHEeJRCKvL+a5Vio4jhMaapg62l8spk2bpmuvvVa/+tWv8vosI5GIrrvuOsKNXjJjxgzV19fr
t7/9bV8PJat+EXDs2rXL99pdvikfp556qu91sNSrtrY2/4F1UiQS0fz583X//ffrzTfflCStXbvW
CzyC5s2bp0suuaTXxmdZlr7zne/o1ltvzSuoaGtr03vvvafLLrtMf/jDH7rcIfrb3/52n88zBAAA
ANB1M2bM0LXXXqtf/vKXOVWcWJal6667TjNmzOiF0bXvwxBulJeX66STTtJ//dd/eSsIFaJ+EXD0
hIkTJ+qEE07Qu+++q4EDB+qMM87o1ftXVlbqa1/7mlavXq1nn31WW7ZsyTjmlFNO0dy5c3X88cf3
6tik5HK0F110kZYtW5bXeatWrdJHP/pRzZ8/X0uWLOl0yPHpT39aI0eO7NS5AAAAALpXez04pOR0
+o6msMyYMUNf+tKX9MADD7QbcliWpS9/+cuEG71o0qRJevzxx7V+/fq+Hkq7CirgGDZsmG9aSK4W
LFjQ7WMpLS3VN77xDdXW1qqqqqpL/TdisVin3lckEtGsWbM0a9Ys1dbW6tChQ2ptbVVFRYWGDh2q
AQMGdHpM3eHCCy/U+vXrQ8OXbBzH0U9+8hPdfffduv3223XLLbfkHXJMnDixVytWAAAAALTPDS/C
Qo5cwg3XnDlzJMnrSRjmy1/+sndcX/qwhBuSNG7cOD355JN9PYwORfp6AIUsEolo2LBhvdJctCND
hgzRMccco+OOO05HH310n4cbUjI5/Zd/+ReNHTs2r/Ns29Y3v/lNlZWVafHixd4a47kYPXq0vvWt
bzE1BQAAACgw8+fP19SpU33bpk6dmnfz0Tlz5uiqq64K3XfllVcSbvSBlStXFvTUFBcBB7rEsix9
97vf1cknn5xX6OA4jhYuXKg9e/boq1/9qu666y7NmjVLlmVlXQ/8pJNO0m233ab9+/ervr6+3zRV
AgAAAHrTmDFjVFlZ2SPXXrBggbcQwPjx4ztdbX/uuedmhBxXXnml5s6d2+UxdlWhhBulpaW9dq9C
XBI2TPS22267ra8HgeJmWZZOP/10DR48WG+//XbO59m2rb/+9a+qrKzU1KlTNXPmTF144YWaMmWK
Dh8+rIaGBiUSCVmWpSuvvFKf+9znZFmWHnzwQW3dulWvvvqqZs2a1YPvDAAAAP2JZVmqr6/Pa4p1
f/TRj35U06ZN65FK9VgsplmzZunIkSO67rrruhSkHHPMMYrFYnrvvfd06aWX6rzzzuvGkXbeU089
5VvRsieMGzdO48aNy7q/oqJCo0ePzrkSPlcvvPBCt1VqlJeX69JLL+2Wa+XKcrpjvU4gpbm5WT/6
0Y+0b9++vNbbrq6u1o9//OOMf0Dj8bgcx1EsFvPdQ0omlt39DzQAAAD6L9u2VV9fr127dmWsmvhh
MXDgQI0dO1YDBgwomt+lN27cmDH1pS/V19frqaee6tF7TJ48Wccee2zW/VVVVT1y39dff13LaHyc
VgAAIABJREFUly/XBx980KXrVFdX6+yzz9aFF17YTSPLDQEHekQikdAPfvAD7d27V47j5NRI1LIs
jRgxQjfddJOGDh3aC6MEAADAh43jOLJtO68/xvUnkUhEkUiEnnbolwg40KMSiYTWr1+vp59+WjU1
NWpqago9rry8XOPHj9e8efN08sknKxqN9vJIAQAAAADFjIADAAAAAAAUveKYdAUAAAAAANAOAg4A
AAAAAFD0CDgAAAAAAEDRI+AAAAAAAABFj4ADAAAAAAAUPQIOAAAAAABQ9Ag4AAAAAABA0SPgAAAA
AAAARY+AAwAAAAAAFD0CDgAAAAAAUPQIOAAAAAAAQNEj4AAAAAAAAEWPgAMAAAAAABQ9Ag4AAAAA
AFD0CDgAAAAAAEDRI+AAAAAAAABFj4ADAAAAAAAUPQIOAAAAAABQ9Ag4AAAAAABA0SPgAAAAAAAA
RY+AAwAAAAAAFD0CDgAAAAAAUPQIOAAAAAAAQNEj4AAAAAAAAEWPgAMAAAAAABQ9Ag4AAAAAAFD0
CDgAAAAAAEDRI+AAAAAAAABFj4ADAAAAAAAUPQIOAAAAAABQ9Ag4AAAAAABA0SPgAAAAAAAARY+A
AwAAAAAAFD0CDgAAAAAAUPQIOAAAAAAAQNEj4AAAAAAAAEWPgAMAAAAAABQ9Ag4AAAAAAFD0CDgA
AAAAAEDRI+AAAAAAAABFj4ADAAAAAAAUPQIOAAAAAABQ9Ag4AAAAAABA0SPgAAAAAAAARY+AAwAA
AAAAFD0CDgAAAAAAUPQIOAAAAAAAQNEj4AAAAAAAAEWPgAMAAAAAABQ9Ag4AAAAAAFD0CDgAAAAA
AEDRI+AAAAAAAABFj4ADAAAAAAAUPQIOAAAAAABQ9Ag4AAAAAABA0Svp6wEAAIDe1xh3VJ9w9PD7
TXpqT5vWHGjUzjZbg0tKdPSAEn1ieExfnVChiQNKNDAWkdXXAwYAAOiA5TiO09eDAAAAPStuS3ds
a9b/v/6IDiZsyXHSP7adPMhxJDuROsPd7kiJ5ONVEwfrlpNH6CPV+f19pM2W6tpslUYtVUYtRUhL
AABADyDgAACgH/v11kb907p6xR1JTirISCTSBziO1NYsyUo+l/FrQbzNeJ46x06GIrNHDdarl0yU
JB1stfWV1Q16qlFqsx2lr24mGU7ytWXcIrW7xJJilqWrhlq698RKVZSQgAAAgPwRcAAA0A99/916
3baxMfnCcZLhhm37KzakZNjhxFPHpV671RtuhYeUrOJwnGTAMWCgNGyoVOJWcpiphSQrFZa4j+4h
YYFHMO0wHFcu3TWlXBeMinX6cwAAAB8eBBwAAPQjT+xu1UUrD6VyhVRAkXAkGeGGbScDD8edguJI
TirYcIMMKTU1JfU4dKg0uDoZWoTlEm6g4XLkzyzcfdl+7fCFIW5Akr7BwKj0vQkxLZxU3slPBgAA
9HcEHAAA9AMttqNhK/arIZ4KJexU1YbjpKekeNUbqUAjngo+ZCePt21/qFFaJo0d6w8uJH9YEfbc
fe0e64YtkdRzJ/U8V4FKkAFRS6tOq9RxA6K5XwMAAPR7BBwAABS5VQfbdNoLB5Mvwio2HKWbhzrx
5H5vCkoifVzCTu4bMkQaMjR9g/ayiGClhpQZiJi/aphhhe/YwIUCs17CXpdELD1yYpkuHV3azgAB
AMCHBQEHAABF7I5NjfrXd44kCzEcSUqkAw1bqaknSi6j4iS8JqFyUg1EzYqNygppxGiFJxpmk9DA
/BQrvTtZpeGkTzEOy2D26vBu42RuDx7ju0by4YUZFfrYMHp1AADwYUbAAQBAkbrilUP6/e7m9BQQ
x6jW8KanuH03EumKDTvVbyOeOqa0VBo7PnXVXBqBmtvzmWoScumwfTlfz39SZdTS3z9apRHlkU5c
DAAAFDsCDgAAitAVrxzS73c1p14lpLgky3iUpDY7uc+t0nDapHhEsluTr+O2NHFSsuoiOAXElC18
cJQKGTpeESXkxJDHkPuau8zDI0pWqEQCx1iWxpdKNecM6mAMAACgvyHgAACgyPxg3RF9770GyXKS
gYYTlxwrtSpKqpeGo1S1hm0sEZsKO2xHqqySRo5MZRLBgKOdKSEd6fC0sNQipxNzu6cXgFj626xK
nTW0JMtJAACgvyHgAACgiKw62KbTnj2Q7qXhBhhypISSYUewasNtHuqkHo+eIEWjCg0bwpZ3NVdE
CeNOkXGDko6EVYtYgScZfTeCVSIZJwaOSzqtukSvn1mVw6AAAECxI+AAAKBItNiOyh/dkw4v7Hjy
MaFkXw3LluKpxzZHklvZ0ZacjiJLmnhM+MUzVikJrnZi7LcyDk6/NpeF9V3HDT+c5Jg6CkKC9zOW
iW3nwNSj49sXs6RD8warsqQLVSIAAKDgEXAAAFAkBjz6gRraUtUa7rKvCTvZi0IJKZFIr56SsFNT
V1LNRcsqpNGjs69M0t5KJdl4q50oPO+wjBe+wops01SM/d6ubJUc2cYUdrnkxh1nDdS4qmjH7wsA
ABQl2owDAFAEntjZnA43Eolk1YYSqb4accluS1ZvKJEMNqzWZIWH7UgDBkmjx6T6chiVFbaT/JH8
+zwd/A0kuBxs8DTz0Q0e3Pt49wtWXxiBiFv54TjGOe3cN+u25Lnj/1anP+5qaf89AQCAokUFBwAA
RSDy0A45jp3qs+H230gt+ypHihu9N9zmoglHGjFCGjCw0yu7+qow3A2W0pUVZoWFuU3qfKPSdscS
HI8yq0V8Bxtv2Eo+/96Uct02pbx7xwYAAPocrcUBAChw319bJyfu9t0wHr0VUtymoo6UaEtVZkga
PUoqr/RXQ0j+pqCmsJkgtlLBgLHDq8xw0o9umGGbU1bcwCN1TMTyn5dLAOILUMzBBY8ztnsBTOqF
F7wkB/b9jU060Obop9MqOr4/AAAoGlRwAABQ4KwHalLNQuOp1VAkKdVvw0ktC5tIVXDYthR3pFHD
papBqQuE9MrwVTyYIYAT2B82ION5MCzJpXmoOz0m63jcbWEX62gVldzdeXyFbj6WSg4AAPoLenAA
AFDAfr21UcmqiXiqEsJWciqKkw432hLJfe5ysEOHSJWD0lmAnQpFUkUe3o8r2MjTrHwI/nj9Mcxr
GMGIk+XHZSvQ90PG88C1g/1B3PchK9VY1agI8cbW0d9t0vsXvtekB7Y3dXA8AAAoFlRwAABQwGIP
bE/1DjWnprQlww3HSYUaiXQAUlIqjRur0IqKjlZKMXt0mI/B62RbUjb4mHHdLCu4dCSknUa74/ed
Z4VMjzGXqXW04ZzBmjqA1VUAACh2VHAAAFCg4rYUb7PTfTcSdrqJqFu1kIgnw424pNaENHasUQ3h
pFdKcSsfpMwqCV/TUnO7MRjfOSHXkHtPBcINy9+zw+zbEXydsfxK4N7uc3NswTFmnJfaaH4OlnxV
Lcc9e1gAAKD4EXAAAFCgbn/ncGrqSapSw0lVbySc5LSUtlT1hu0kH4+dnHkRKzCNwww0gtNK3GoH
O1Xx4IUY7vEKhCLGfTKmm8gfRgSnq5gVHcFmpL57BsbqHetk3s8MMXzXCtzXDGRS28qW1Xb8XwgA
AChoBBwAABSon6w5nAo2UgFHPLUkrBd2OMllY9tsaeIEfxDhymcmqnmsLwiRP3SQ5M0HsYPHKDN4
CF7fq55IV1G0G4SY5wcrRJzgTVInZRxjvofM+7Taji5++Ui7Hw8AAChsLBMLAECB2tvUlnziTk2x
bKlNUsJKLQ0bT+6vrJQi0XRVhNkHw52SYTavCPbl8KopnPB+GmF8AYL3H4FtSq+YEjzPclJL0Jor
t1jGEq9WeMgRNgbz/mYfDt9j6n1G5L+fex3L0vJ9bdrdZGtMBX//AQCgGBFwAABQgJrd5WBttwdH
Ihly2I5kt6YPtB1p9Oj0a7NKQvI10/QFII6xz0rtd8/3AgOjZ4cbPPgadBpCwpCzB0d1xshSnTI4
quqINDAWkSNHTW2OPkhIe1odrTvYpmf3t2lnS0j1iYzXZuNTY7cvmHG3+Y4zQhBLqdVX3OeO0cA0
edzYJ2vl/MOwkDcIAAAKHQEHAAAF6EhrKthwp6jYSi8NKyfZc6PNlo6dZAQQUsZKIsGAwDG/1Lcz
ADfkcAMEW+mVSCT5qixS4cD/d2yZbjlloEryKoCo8L1qTji66sXD+tP+VHVKcOWV4JQbM1hxQ52I
EXZI6XDGMc4PHmP4xPOH9NxZ1fm8CQAAUAAIOAAAKEAPv9+U7m9huyun2JITT1V1OFJpSaByIZVw
BFcxkVLVCiHPTWHLwprTS8yqkNT9Pj++TA+cMUjRPFZ9bU951NJjZyfDhfcOxTXjr4fVlDCqS8IE
Kz/sYAii9LjDjrGMN+5If92fUG2boyGxbnpTAACgV1iOk0/3MQAA0BvO/j/v6/naptS0lHjy+3c8
ITmtqUdJUyYHppoE+lmE/l98oM+Fy3wddo1AJcXFo2J67Ozq0Nkq3e2+rU2av7peXrJiVo5EchhB
1s8i+zERS0pcNrwrwwYAAL2MCg4AAArQukYnPT3FUXJ52IgjxZV8PWxwSDPNkMqFjN4VbrVDB9M9
gs1GXZalps8OV3l3lWzk4OpJFWpzpOvebDCm2VjppWy9sSnQP8TxNzltb8iBj8J2pL/ubdU5I0u7
740AAIAeRZtwAAAK0MHGxtRUlETy23bcSa6aEk+9rk41wmx32oYxdcNchtXbr/CQxOirYT4Oikr2
FSN6NdxwXTu5wv9eHSewlK1jhBvKfB/GLv9nEtyYvv55L7JsLAAAxYSAAwCAAjS0oiLZc8Nuk9Qm
JZRsKupIqh6YPCgsjHDM1EIKDUDCvviHBR7GT0VEOvzZEVlXje0NXx5ZknV8vveQ6sOaPi4YhDjp
qg7feze2W5baEo5ePBjvnTcHAAC6jIADAIACdLS7nmmiRGqVFLGT0y0SCWnYiMwv8WaFhh14bX6B
90IQ99zA8+AxqceGy0f22HvN1czhpVkqN4zQwsxzAlmPtxqNGW54xwWrXZIvPv7soZ58SwAAoBsR
cAAAUIA+enSF1GZ8EU+kVk8ZUOmfipGNuUpIWNWDlA4xwo41em8cuHR4lyo3vNzF6XDU7Xpod0vm
xuDAggGOOQCZfUWMfb5jlA5CUsFHV8YMAAB6D6uoAABQgN7a36JTf70+OU0lbkuKS20JadIxUjSa
PMhtqumuJGI7RuPN9FQL77Ujo9GmlX4eXFHFUF0WUe1nR+Q9/t/XtOj6VUe0r9lObwysxFJVYulb
x1Xo/51WlVNfD+vhPQrtFGoub2u+Dh6abTWVYENVd9lYJ/kZTayKaNuFwzocHwAA6FusogIAQAGa
MKAkGWw4bZKcZLhhWelwQ/JPqVDIcyv12nJfOOlVRaxUlYIbBjiOPzBJhSUb8/xi/0GjrfF/2qeE
m2uY4YN5D8dRQ6uj76xr0HfeaVTMkm4/uUo3TasKve75z9VmBjfuNYNJhrstmGW497csIwxy0qGG
+1mZjUcd6e/1ibw+AwAA0DeYogIAQAEaVJ4KMty5HZI0rDqkr4bSX9J90yyCzwPTUYJTNExOuhJk
RHnuvyq8urdVY/4nFW5km5eSETokj2mzHd28tl7Wg3s0c8UBvbqvVTX1Cf11b6sqHtyjpz5oTZ9j
BYIJc9xmL41gw1XjflLq0fxx9wc/O0m/3xEyPQYAABQUpqgAAFCgrH9/I7mKip2QWhPScVMCBxhT
LoLP272wjF4b7vPMaSoTKyPadlnuzUWtB/cYVRaBm7iVEWalhDlNJkzYNJPg+zDfhBPcrvBpKWF9
O8KmqRgByoCYpbpOTNUBAAC9hwoOAAAK1OeOHyrF40bFgcKrMqTMoCNsRRQZ57q8FUksY+WV5OMn
RpXmPNb1h+LGtYzxuM9tJ/uYbcdf6eG9l8CY3eubFRjZqkRCK12C7zlQ8WHe23ztOKpvC2wHAAAF
h4ADAIAC9a2zxkqKJHtxDB2c3OjIt8KH99x7NLZlfNFvL/hwA4l0EDF5UO6tul7Z2+pfmlapMRmX
zpj64fYIUeq5AuebS8KaKYR7nheYGGP3Pbqfi3GuOSYzGPEtq6uQ9+JoT5PRMBUAABQcAg4AAArU
qSPKJNnJL9nVQ5WRFDhW+qWxOfncrKZQ+st+WA8O3/70voo8loYtLzGafppVHB3ez0k/NysuEk6W
92U8D3ttO5l9OdzlYYMVIDI+P99SucEqjuTDqY/t6/iDAAAAfYaAAwCAAjZr7JDkF+6I23TUDC3M
6obgPAyXG4YY+7wv+vKHCu7xqUP3NOdesXBOcDpLcCpKsPlntv3BoCHb2wu+VTMQ8ZqGOv7rRAJL
48pJ9wNxe4TYRiASGOM+CjgAAChoBBwAABSwlV8/MXMaSvDHrbyQ5Z+SYYedE2xskfpCH+w66jja
fCT35VHHVUU1OGpljlXGay9osbJkMU7gMdBPxN1nBjxe/w5ju7cySuAe5jZzX3A6ihfG+Mdp28EB
AwCAQkLAAQBAgTt20ujUs7BUQOlt5nQQO7DbO9Xxhx5uIOI+elULlp7bnd/SqIf+cbRvOBk9MNzA
JdgcNBjCuO8l2ADUe3/GxozpKMb2YGVIluKWrD++ZqTJUzbVxXP9OAAAQC8j4AAAoMDNOWmU0tMt
3K0hX/b9B4Q/z6hSkP/RqwhxVNua/5wMe/4YTaiKKPPiYWMK3tsxwpbM8fjG6E2lcYwKFmVWgXj3
CAQh5v2Cx/uu4//54678Qh8AANB7CDgAAChw97/XED6FIrgUqxdamF/uUyd627NVgIQEEY60O8+V
QyxJf79ilNZ9ZoTKrMC0ETPNcIznGfcP7ktd2VeRofSjyw75yajECAlegoGH4/grQJTe92QNAQcA
AIWKgAMAgEJnTrHwvojL//3fCR7bToVGsOGn22vCvGhq/4TffdCpIZ84JKbmq8dq1cUj0huDwYNZ
fZExTSUYeKTG6X8jIT+Bc4Ofi20+Bu5tjsFtWhp4vnI/AQcAAIWKgAMAgEIXrCgIVhtkfK+3/D0n
suYAgekZ5pf81Pa2hKOahtybjQbNHB6T85Wxcq4ZqxHlgV87MqpNjJ+w0MN8T96UFCtQyREWjJgB
ifkYEooENwWe15FvAABQsAg4AAAodG6gYb6WAkueKjAFw3zt+J/LyV4RYl4/9Xziw52r4gja+4XR
cq4Zq1tPGRDYE5YqOCEvHX+Y4TVGNV4HG5n6QhsjHArePuNmYQGI4/9sAABAQbEcJ6M7GQAAKCDW
L3bIP0VDmcUIGSelHgOneZUg7d7QuGZqlZJIREpcMy7fobfrUKujIQ/sSo/JClmuNqeBBt9s8E3n
ICJ/P4+w16nKGOeasfldGwAA9AoqOAAAKHROMMlwjIqEYHVG+pDQ2Rh2yDEZ95O/OsRxZCccjfvt
7u57T5KqSy05Xx2nui+N0eQB0fb7jITOKAm+QRnhTZYpKBmMihZTxuvUNkuKB/cBAICCQMABAEAx
8PXekBF6pFiWsT1kOot7DXebY+z09fZQYFpHetuupoSqfrOzm9+YNCBmafNVo3XwS2PaDzXMAMQb
l5N5nO+1lT4mNPAwKz3ME7NUkDiSk291CAAA6BUEHAAAFLqMFUaUrsbwLYVqHm9UdrirqmT07JB8
PSyCvTzMfanjG9scWb/Yofs3NXb72xxSFpFz7Ti9cNHw5FB94zDG5r5XX8VH8H0Z78ndZ67e4kih
wU5ogJLamHpMMLsXAICCRMABAEDBC4QN5hf6jKaiwWOMy7jBh+QPRGQcFzb9IiT4uPq5Axr0m506
0GxnHt9FHxtdJvvacTplaCxzfNnG5B5jBh1eAGJUZDjB7fJ/ZgpcI3h/sg0AAAoWAQcAAIUuGGh4
FRmW1wQ0yZimYjuBECD1mAgJNkIrFwKvbSdwL6mu1dbw+3aq8tc7VNva/UHH2s+O0ndOrEqPIdt4
XZbSn4vkb17qm9rjPlqZwU7wPiHVIlGLKSoAABQiAg4AAIqJryLDCDJ8jUatQJPQ1LHu9mzLyYZV
hSSM52FLrzpSU9zR0P/eqaN+u0sbDse79e3+YM4QPXju0Mz37m4wgwhzuk4w4JEyF1YJm/4SXE7X
Pcf93OTIoowDAICCRMABAECh876wq53qDPfYwDZftUZgu3tdK6RZaUZwYozFvZZ5TUk76uI6/qHd
sha9r//Z3tRtb//zkyv11ZMGuG8i/WgGMr7mqsHAxn2/IZ9BWOWKUseaFTHGR1ASoYIDAIBCRMAB
AEAx8CoIlNks1A5+2Xf3h/yY57kSgfPNe3jXccMQpe8RvK9x7Uuf2CdrUY2++tyBrr5zSdKv5lQr
5q0I6w8c0p9H6j8cd5tjbAsENcGmGmbVhhdytBOGAACAgkPAAQBAocuo0HB7R1iBL9zGN303CPCu
YYQh5tKpge/5GV/ms/WmCBtf8MeS/vvdBlmLajTyvq4vL1v/1XHh97FDntuB7Z5APw63dYh3nLs/
S5JBwAEAQMEi4AAAoBj4ig9Cpl+ELXkqKay6IrThZnCbucpKMPDwbQ984zdfGtNZ9jUkZN37vib9
n91qincuJSiNWDpjdFngfoHqDPPzMMcUHL8vNDLONVeRCS5T6zgabCzsAgAACgsBBwAAhS60Cagx
/cI7Jnh8SBgRVs3gu4+yBCKpH7dIJBgKeI+pH1/fkPQwtx1qU+UvanTBn/Z26qN49JPDMq/vG4f7
+VhZxukEjjPON59n+ZkxKhCwAACAgkHAAQBAgfvHkwYqM4xQZmDh7bf8X/KDX/qdwPnBqotg5YYp
WB0SvLdlZY7JF8gkn66oaZb1v99XY57VHGOrouFjksJXSbFS70lOemwR43Nop4+I7/qpTeeNKs1r
vAAAoPcQcAAAUOA+O74sc/pJRohgPje/qAf2KeRLvHlts4moe2xGs83MyoysU0PM58EpH3JUtfh9
NZlL0eYgYr5PXwWHcZA5ZvP+5j5zcE7gPHOpWWNp3c9OrcprrAAAoPcQcAAAUODmHlOVWVUghU+j
CIYRbqNN3zlGyOH70u+EhBzyLyPrq8hw/FM+vOuE3TP443hjq1xUk9fnMbbEvb6lzHDHfH+Bz8QO
HOtygxGz/4Y5dne7ZWnKwJK8xgoAAHoPAQcAAAVuUMxKT6/ICCVSB5lTRMKEhgzyhxFmKOKdF6y6
MI7NuIeTun8gBAm9YSA0ycPMoyr85/nGZoYcge3e2CT/ainuY2CFlcCwInmOEwAA9C4CDgAAisDw
ioh/aojtpHtJuBUG5rQKU1gQkO25d06eP8F7+a5hGceFBDWSHtzUmPNnMXZgSfi9pcA0leA4nMC9
rcD7MMMRy6hOkWQ7sgk4AAAoaAQcAAAUgYXTKgJLmMofZvhCBqXDjg6nZ5jXDAQe7X2hz1hCVf4K
kNDgIDiO9HVGVERz/iw+aEgY4w1c27uu/Me4n4X7nr0gwzg2+P6Cz8uP6M1D8ZzHCQAAehcBBwAA
ReBbHxuRnqYS/KJuLnvqOOFBgoznZghhbjPPM0OCsPsEp8Jkm8ri7gs+Bq49d1zuy6+u2FQfCFVC
7hes0rCMfe5j6DKz8l/b/Hwk/cfbnVveFgAA9DwCDgAAikWwqsDtKWFZSn6Dd38CX+LdKgezisF3
XRlf5gP7bUcRS7pqSqVWfmmc3ps/Xv/28WEaWxnxnxsMBMz7u8GMG4q4j0bYEMnSOiRMa2g4Y7zH
5E0C9wiMLcgX2hhL8npVMsn5Lo9sO5T7QAEAQK+yHIcJpQAAFINvv3pI//HiwXSGkUcoICkVNBjB
iLdNxgUd3/GDYpYO3zAx9HJxR/rUHz/QM9ub8hhD6tFRsoeI4+i9q8fruCGx3C9xz9/TAUS2pqrZ
7u2EvDYv4b42j7UsqbRBKk9+dvaXp+X90QMAgJ5HBQcAAEXi2zMH+6dWBKeUSCE9LuQ/VpK5RKu/
b4WTcU62cEOSSizpL5eNlnPTMZozuszf5NRcdtacRhIY618uH5NXuLHpsNsDI9CstKNpMb73mG2M
xmcQXEkm0ibZyY1HWs2dAACgUBBwAABQJAbFLFVXGs04faGBO/0k0Kcj2PciI9RQZt+N1M9HRpbm
PLaXPj9WzsJJWnHFWJ05ttyoijASDePa/z5niOxvHqO548vz+ASky/60J7y5qvc+HP/78967cU5Y
1UdYQas3dFuKRKRoVIpE9fd6Go0CAFCISvp6AAAAIHcPnDdcF//PnlRVgZXqcWF+OU+FHJaV+aXd
UnqKSntTXFL7Thmee8Dh+tTR5frU0WPTlzIKSiwr/1k1puaEo3X7WzN3JFJ3iFj+wCOs4Yb3mZm7
Hf/x7qDdxiAVdZKV+ptQJKJf/71RPxma/2cDAAB6FhUcAAAUkYumDMisxLAVWJo1MI3Fq94wqzrM
KRrmj7xj3q9PdHm8lpXMCSJdDDckqeKnfw9UpDj+5qBhU01cxrQY32spZFlb49iQpqx/eb+xi+8E
AAD0BAIOAACKzI8/Wu3/om9J3rfysKVP3ZYR7nP3S7xZxeALBpLXeG5bQ8+/mRx99vG9yUoNR+lH
772EhB5mSBEMLDL6hDjp6pag8rqMZGaXQ4tRAAAKEQEHAABF5lsfHZZ84qtGSE29cKdVuPvcqSq2
kWTYRkAg49EMC1KvX/ugpYfeRe5+8069/vBufaC6IvUYVnnhCgYfYRwlPyOzf4l3vCNFEsnt0ajc
5VUa4vTgAACgEBFwAABQhL7/0SHJJ74v5Ao04HQyAgvvC71Z6RBszGlMbzljSY02Hem7L/SXLtur
a1bsDZl2EhJaBMMO3/SckGO884IVIKn95XXJ5qLu/BorKlkRjYoZjV4BAEDBIOAAAKAIfffjw7J8
oVfmF/ogX+gR8txrUJp8PfXev+uf/3qgW8ffkSOtjqw7tuh/3qvzjSVjNRRfyBEyVUVGmGOGP+ZU
HbOixfz8LDt9H0WkaLKCY/rwyh573wAAoPMIOAAAKFJvfXW8v+IguHRqtmkc2cIQl2/0P3T8AAAg
AElEQVT52eTTn71aK+s/Nmv+ir098VY8DW2OZt2/Q4Pv3pq9+acZTLjj9UKK4GcQkvBkVLiYq6+k
rlN2KFm1EQmGKJY+OTLWHW8VAAB0M8txsk1KBQAAhW7gf2xUfSKk6WXE6CdhKd1nImIc6752Q4BI
yHXMRqS+pVWlL88eol+ePVSl0a413WyzpW+8WKvFLx9IBwrmVBp3bLaT/1qzgTF729oTbZMqmqSS
iBSNSJGYVBKVoiWSZWnvpUdrRBl/IwIAoNAQcAAAUMRabUdlP97c9Qu5QYAZJCj1mCpy8IS9llRd
FdXHJ1ToI8NLNbE6piGVUVXEIqqIRdTUZutwY0K1zQm9ta9FL+1s0drdzR2PJ+trKx3eyEqvgmJZ
gUAjUNHhBihWOylH5aFkuFESTfXgiCWbjJZEpWhUDZ89SpVdDHUAAED3I+AAAKDI/e9Vtbrhz/uS
L9zwwQ0ruktGvwt3uzIrPMKqLIKhSNb7dOIcc3xmRUrY/rDtbpBjO1L5YanUSoUblhQtTVZxlCQb
jCoalXPl0TkOCgAA9CbqKwEAKHL/z6whGjewxJjWoWQwYDvpH8d4LQVWEVHmNI6g9pZZDT53Avdz
UjsdY5/73FixxTeWsNfZeoeY/UcS2cbZwRu0HamkVSpJvbYkRaLpF1byV6ahZfTfAACgUBFwAADQ
D2z/xjHJJ8FGoy7zC767moj7GFwy1tznBiJeUJGj4OosTvDRuJ55z7BQxruO/KFG8DFbSJIxtsA4
3QCmpDG5LWIlp6ZI6RVUJCkS1U2TWUEFAIBCxRQVAAD6iSNttgb/eJO8eR3d2SYibIqH5c1JSb72
lm81NrfX66I7xpAxHqXHYk7R6Wi6S8UhqcRK9t6wSpI/MSs5PSVakgo9omq74miV8OchAAAKEv8X
DQBAPzEoFtGyz41LhQBZKjOC00SkjqdvZDsmeG0pHSK4IYevUkSB6pGQ65qVHbmMIWO/MRazGkSB
cZiVK2VHjGuUSIpIXhPRqGRbkhNJtuLgNycAAAoW/zcNAEA/ctHUAfrn2dWBXhVuaGCsIOKbJmJl
TgVxH4MNO4NTQ4LC+mN42wPTZ9yxBKeluP1D3OuYvUM60tG0lGDAE62XInayesOJSook+21EJFkx
yYlIikqytHjm8NzGAAAA+gRTVAAA6IeuWLpLv19fl/+J5kookr9qIjAjJf3c8u8Pu6aMfZ2ZteJb
rSVkqdfg9Bj3uPbuV1IvlSaS+0siUqQ0eU5JJL0srBOVYhFJlpwvHNWJgQMAgN5CBQcAAP3Q0ivG
6lOTKzNXUMnWpFMKn75h8gUMSve4CDYmVeAaZmWGuT9jbIEKj7B7u+cG7xF2nO89KTBlpUWyWpNj
ilqSXZJ8X9FUuBFNVm24U1W+d3J1yKAAAEAhoYIDAIB+7Mo/7NbStYfDd4Y1AA1WRpglG8HDvdAi
ZF/Gvdz/cMOOQMNQ87XlK8NIP7RXHZKP0gZJrVJZNDkdJRqVrGgyzIi6QUdJciWVSERWVLK/cHQn
bgQAAHoTFRwAAPRjj1w2Rt+bm6V3hG+JWMe/3dsvf2WF2RvD3WYZ+9xt5nkyXpv9N4JjMQ82e4YE
f9xKkPbGZTsh15VkHZHUKpVGUmNPNRGNWMlgw0r14DBCnmVnjQz//AAAQEGhggMAgA+BP75Xp8se
2pn9gIzKjYCOlmgNHtPetbyQInWcG1jku6Ss2YvDvG+2cUYPpvppSCopSfYOjcSkWDQ1jtTUFCu1
XEokosqopQZ6bwAAUBQIOAAA+JDY15jQyNs3ZYYQ7YUL5r6uhBBhz91req+N6Svm/SMdBCdO6j/a
G1vkYGoKijsNRVIsluy5EbGSK6ZEU6unKJpcVSUSUfM/HqWySJ7vGQAA9AmmqAAA8CExojIq5/vH
a3hVSXKD29jTbMBpCi4pGwwlwhqRBoVNfQk71zEaeQT32al9wako7o/b3yO43XEkJ5Gs3HCbiVqp
X30iJclzLEtKuM8lKer9dvT6hWMINwAAKCIEHAAAfMjsu2WKfnnp2FRgkNoYttKI2VfDsjIDkWz9
LtrLPJzAsWH7wl5n7RHiGOMKjuOwFDmUfB61vKahikZTVRuR5OopJan35/5aZFn60UeG6LShsXbe
CAAAKDRMUQEA4EOs6ocb1Nhih+90ixfMRqJhj2EiqUDEffSu6fbNyHKd4PSUbK/bmy5jtaXCjdSy
r5ak0pJU89DUiikl7lSVaKq6I+I1Gv3sMQP0+3NHZHljAACgUBFwAADwIffMtgbN+9X7/o25Lv8a
xgxGzNc5nWv04ohY/mt4v7Fk6cfhSLL2JwOV0lSfjZKolIhIMStZoBEpTT5aJclQI5paMSUVhhBu
AABQvAg4AACAJOnXbx7StUt3Kd2Poh1h1R3m9lz4Qos8znWbjpr9N+IHpKid3CelVkaJJbdFo5Id
S4YcUrJyI5qajuKGHNGIfjRrqL596uA83gAAACgkBBwAAMDn9pf261vL9waCC2NqiFtZkUuVRzDE
cLe58glGws6zDyQbicaiyY3RSLo6w63MsGKpHhxKhhtSsrIjYnnTUlZdPE4zx5TnMAgAAFCoCDgA
AECoVbuaNefebWpLtPOrgi/kCCvJCPTfkDpebjZbZYcZprTsl6yEVJKqxCixkv00IiXJig3LTj6P
RJInxax0uBGNSEoGIZUV0sEvT1RZCaulAABQ7Ag4AABAh25+ao8Wv1SrptYsDUnz4TYetQJTYdxp
J6FLs9qSfUhqa01XXrjHlUQlOyqVWpITSYYelhFoxKz0srARS1KprFhcT1x8lD41nqoNAAD6CwIO
AACQl9+9c0Tf+vMe/X1/Ww/fKSG11UuJRm8qiS/csEqS20osSdHkKTG3oiO1xGtJMtCQHKnEkSJR
fe+M4brttKE9PHYAANDbCDgAAECXHGy19fX/2allb9crbjtK5FnkEY1Isailq2dX6+7zR+usRW9r
1dZ96QPcigwptdpJWarvRixZCeIuBRuxpHiVVJkKXpxSqbRNciKKxiL61dljNP/U6m55zwAAoPAQ
cAAAgB7VZkvNqdSjqiQSPgMlxNp9rfrx01v1uzUfSBG3iWiJkt1C5S3tmpzmUppaMcVK9t1wSjSi
OqYFHxmu75w2xGvVAQAA+i8CDgAAUPAcSUdabP39cKt+ueqgXqpp0vaDraptqdfIspimjh6sq04a
rCumDdLA0ogqYyQaAAB82BBwAAAAAACAosefNwAAAAAAQNEj4AAAAAAAAEWPgAMAAAAAABQ9Ag4A
AAAAAFD0CDgAAAAAAEDRI+AAAAAAAABFj4ADAAAAAAAUPQIOAAAAAABQ9Ag4AAAAAABA0SPgAAAA
AAAARY+AAwAAAAAAFD0CDgAAAAAAUPQIOAAAAAAAQNEj4AAAAAAAAEWPgAMAAAAAABQ9Ag4AAAAA
AFD0CDgAAAAAAEDRI+AAAAAAAABFj4ADAAAAAAAUPQIOAAAAAABQ9Ag4AAAAAABA0SPgAAAAAAAA
RY+AAwAAAAAAFD0CDgAAAAAAUPQIOAAAAAAAQNEj4AAAAAAAAEWPgAMAAAAAABQ9Ag4AAAAAAFD0
CDgAAAAAAP+XvTsPj6q8////SjIJGUJYgrIFEiAsEUEDgqxBQAmIIFWqLRWVWhWrtZ8itqKWalEK
sliKKN8qVbBQVxCpiEQBISxlLZtCkBCCIIQthJBMkpnJ/P7gN6czycxkkkyWkefjurzMhDPn3OfM
mblyv+a+3zcQ9Ag4AAAAAABA0CPgAAAAAAAAQY+AAwAAAAAABD0CDgAAAAAAEPQIOAAAAAAAQNAj
4AAAAAAAAEGPgAMAAAAAAAQ9Ag4AAAAAABD0CDgAAAAAAEDQI+AAAAAAAABBj4ADAAAAAAAEPQIO
AAAAAAAQ9Ag4AAAAAABA0CPgAAAAAAAAQY+AAwAAAAAABD0CDgAAAAAAEPQIOAAAAAAAQNAj4AAA
AAAAAEGPgAMAAAAAAAQ9Ag4AAAAAABD0CDgAAAAAAEDQI+AAAAAAAABBj4ADAAAAAAAEPQIOAAAA
AAAQ9Ag4AAAAAABA0CPgAAAAAAAAQY+AAwAAAAAABD0CDgAAAAAAEPQIOAAAAAAAQNAj4AAAAAAA
AEGPgAMAAAAAAAQ9Ag4AAAAAABD0CDgAAAAAAEDQI+AAAAAAAABBj4ADAAAAAAAEPQIOAAAAAAAQ
9Ag4AAAAAABA0CPgAAAAAAAAQY+AAwAAAAAABD0CDgAAAAAAEPQIOAAAAAAAQNAj4AAAAAAAAEGP
gAMAAAAAAAQ9Ag4AAAAAABD0CDgAAAAAAEDQI+AAAAAAAABBj4ADAAAAAAAEPQIOAAAAAAAQ9Ag4
AAAAAABA0CPgAAAAAAAAQY+AAwAAAAAABD0CDgAAAAAAEPQIOAAAAAAAQNAj4AAAAAAAAEGPgAMA
AAAAAAQ9Ag4AAAAAABD0CDgAAAAAAEDQI+AAAAAAAABBj4ADAAAAAAAEPQIOAAAAAAAQ9Ag4AAAA
AABA0CPgAAAAAAAAQY+AAwAAAAAABD0CDgAAAAAAEPQIOAAAAAAAQNAj4AAAAAAAAEGPgAMAAAAA
AAQ9U203oDblT7ilRo8X1rm7Ip+aK0k6fnGzlu8fV6PH7xc/STfH/aZGjwkAAAAAQE24qgOOkjMn
avR4oc1bGz/bSgp1sfBYjR6/0JZbo8cDAAAAAKCmMEUFAAAAAAAEPQIOAAAAAAAQ9Ag4AAAAAABA
0CPgAAAAAAAAQY+AAwAAAAAABD0CDgAAAAAAEPQIOAAAAAAAQNAz1XYDAKAuycrKkiQdP37c7fdx
cXGKj4+vjSYBAAAA8AMBBwDoSrCRlpamjIwMSZLNZnP7d5PJpBdeeKE2mgYAAADADwQcuKo4O7HO
b+KTk5NruUWoC9LS0rRu3TpZLJYywQYAAACA4EDAgQpLS0vTxo0bfW4THx+vcePGBfzY06ZNK3eb
559/3uPvlyxZooyMDFksFqWnpxu/J+S4uqWlpSk1NVUWi6W2mwIAAACgCgg4UGEWi0U5OTk+t8nL
y1NWVlZAaxakpaWVe1xfzz1w4IDx7bzz/6mpqdRWuIoRbgAAAAA/Hqyigmphs9m0fv36gO6zKp3Q
Q4cOeZx6YLFYjJoLuPr4Cjfi4+OVnJxs/FceZ3FSAAAAALWDERyoNocOHQro/tLS0ir9XF91Fai5
cHVKS0vzGm4kJydryJAhMplMbr8rzRlqOIuTDhkyhClPAAAAQC0h4EC1sdlsAZum4qsz6o/k5GSv
IzXokF6dfIUbKSkpMpvNbr93fZyWlqasrCzjnnIWJ2WqCwAAAFB7mKKCahWoaSqpqalVen5iYqLH
IGPcuHFlOrK4OnibUmI2m8u9Jw4dOqQDBw4oLy9PeXl5jAICAAAA6gBGcKBaHTp0qMqjOKo6ekOS
TCaTUlJSlJycrOPHj0uS4uLi1LBhwyrtF8HL24gef+5Vm81GqAEAAADUMQQcqFbOYqPjx4+v9D4C
VcvD+c28M9Rwra+Aq4+3gIL7AgAAAAhOTFFBwHj75rsqAYVrnYNAMZlMdGIBAAAA4EeGXh4CJiEh
QVLZ2gZVKTaakZHh8Zv25OTkKq2qEiie6jgEoqhqoHirM1FdbXQ9XiCPUdPnAQAAACD4EHAgYEwm
kwYPHqxFixaV+bfKTlPxVKQ0OTm5woVBs7KyvAYi48aNq9S+srKyPIYvztEhAwcONNpbmvP5pSUn
JxuddtfjlG6vr46967l6G/1iMpkUHx+v+Pj4Kq0iU7qNrtfDn+vg7759TSfxZ//erre3bbdu3Vpu
27w998yZM2V+X9XrDAAAAKB8BBwIqMTERI+/r0yxUW/FRVNSUio8esNms+nAgQMVek5pzg53RkaG
sSyoL64rv5Tu3B46dMhj+NC3b19JV8593bp1Ho/j7bil2+drW0nKy8tTenq6Nm7cqIEDB1aoA16R
a+G8DnFxcX69/lW5zpLnoMNisfj9+vszpcpbm7wdx2KxEHAAAAAA1YyAAwHlHBngaZpKRkZGhQIO
T0vDVmb0hmsbKstX4OCNM2TwFNL4WoUjLS1NqampFVo5pjLtc7bBYrEoNTVVWVlZfo1mqeix/Alb
nJYsWeJ3sFF6/877xeFwGKM6XFXkulSFp+ez4goAAABQ/SgyioAbPHiwx99XpFiot9EblQ03qmLJ
kiVKTU1VXl5ejXRUKxNuVLV9zpEH06ZNq/ZjeZKVlaVp06bpwIEDld63xWKRxWLRl19+WSfqswAA
AACoWQQcCLjExESPIzUyMjL8roPgrYNf08P809LS9M033/gVOASi4KW3YMfX9hUNRLyx2WzKycnR
kiVLvG5T3rGctSYqei3Wr1+vnJycgIQmzhEpGzdurPK+AAAAAAQPpqgg4LwVG7XZbH4XG/X0DXxV
pqdUhjM8sFqtXrdxTumIi4tTeHi4rFarjh8/7rOoqS+l6z/Ex8crLi5Okoz9lm6ft8DBtbClcx/O
55Xel6sDBw4oLS2tTJiUlZXlM3hKTk5WeHi4TCaTbDabrFarcQ18XYu0tDSfdS+c5+F6DuVdY+dI
DtdCqs2aNXPbxluQ409A40+RWFcsSwwAAABUv6v6r27TjQNq9oAREW4P28fcVrPHr0G+io2Wx1dx
0ZrkT3jQtWtXSe4d2IYNG6pz586VWsrWOYIhPj5e9913nxEYOP/NarWqYcOGkv43JcOT5ORkDRky
xAiEXNuXkpIim82mdevWeWyfzWZTampqmYDD2xSj5ORkpaSkeAyfXF8zb6FBamqq15Ebrufh7Rov
XbrUY9hgsViMQM1sNhuvVXkSExONJY+98bbKSkWOAwAAACCwruqAI3Liq7V27LjG/TWm29IaPWZY
aL0aO5avYqPlraYS6OKileFrqoi3TreTyWSSyWSS2WyuVCjj3H90dLTP9nkLT3wFDtL/6pikpKR4
HclhsVjKvE7eQgiz2ezXsTxdq/Kus7fzcL3G48eP15///GeP+3AN1PwdReHcd2UxWgMAAACoHVf1
X+IhjZrW2rFNoZEyRUTW2vFrgqdpKpJ8TlOpK8VFPYUsTr7Cg9Iq026z2ewz3JB8j97wt31ms9nr
aySVfZ28TWnxp66Kt/Z4u87lhTSuoqOjvY6W8SdQAwAAAPDjcFUHHF+cqvmlG4e3/P8vec5myZ5X
48fXNcNr7FDOYqOlO8CHDh3y2umsC8VFy6s1Ud1hiz/n6mv0RkXa5+01kspOJ4qNjVV6enqZ7TIy
MjzW7CiPr+vsa1SIJykpKV6vib91XwAAAAAEt6s64HhwS36NHq/vNab/BRwlhdKBB2v0+IqfVKMB
R2WKjdaF4qK+lrOt7jog/p6rt2DAW+0Tb7y9RlLZ0Q8JCQlat26dx+2cq5YMHDjQ76DD13WuaFhi
Npu9BjWBWGEGAAAAQN13VQccZwodNXq8S9ZSxys+U6PHl8P7aiDVpSLFRutKcVFfS5VWd9Diz/59
TQmpTP0HX8d0vRYJCQk+QwTX5Vn9CTq8BRzx8fGVus7ezt3fpYkBAAAABLfQ2m4AftycxUZLc44O
cFUXiotK3jvENVHHwZ9j+ApgqrONztEevo5hsViUk5Oj1NRUTZs2zecqMt7Oo7JFOr21y9f1AgAA
APDjQcCBajd48GCPv1+/fr3xc10pLip57xCXt3RoIFR1BY7KPL8ioUhiYqLGjx9f7uiM0kFHTYyi
YPUSAAAA4OpGwIFq5yxkWZqz2KhUN4qLlufkyZO13YRqUZHzMplMio6OVkpKil+vjTPoWLRoEVNF
AAAAAFQrAg5UO+fUhtKcxUalulFctDzBMNWhMiFCZc7LbDYrJSVFzz33nF9BR15entuInZrEErEA
AADA1YGAAzXC2ygOi8VSZ4qLlicYRiBUJqzwdV6+wgGz2ayYmBi/gw7XETuVbU9lnlcTU4sAAAAA
1D4CDtQIk8nksaOZlZVVZ4qLuh7bE5vN5rNoZk3xFTpUpn3eQpH4+Hi/6lr4G3TYbDa3Y/narjIh
h7dVWajNAQAAAFwdCDhQYzwFHDabrc4UF/Xn2J7CmJrmbWUayf9REk5paWleQ5GKjnxwDTq8tc+1
bd6WEJZU4eksaWlpXoOaulTHBQAAAED1IeBAjUlISPC7HkJtdkrj4+O9ttNisWjJkiU13KKyvK1M
41rXxB8Wi8VrgdfSx/A3ODGbzV5HTbiGEOUFNf6ORvE2Ckiq+ZFAwTCNCQAAAPixIuBAjfFWbLS0
2i4uWl47Dxw4oCVLlpTbmc3KytKSJUuqZVqLt5om0pVwwJ/2+Wqbp9dg/fr1mjZtWkDPx1dQk5qa
qo0bN/p8flZWlhYtWuQ1pKmu+8jbtc/IyCDkAAAAAGoJk9NRo5wdc1+dwLpQXDQxMVHJyckeO/M2
m00HDhxQRkaGhgwZIkmKi4sz/t35nIyMDFksFjVr1izg7XOGMIsWLapw+44fP66NGzcqLy/P67QO
T6+Bc8nX0qMlnKNtnK9pWlqa19e39MgcX9fZYrHoyy+/1PHjx41AofR1zsjIUF5entdjVddIoISE
BK1bt67M7202mxYtWqQhQ4YYbT1+/LiysrI0bty4amkLAAAAgCsIOFCjnMVGfXWA68LSsCaTSSkp
KUbntDSbzaa8vDyjs+86JcM5mqC6l5UtL4Tx1j5vdU+cxo0b5/M1sFgsbiGHc5SF83wtFovHc/f0
2pZ3nS0Wiw4cOKD09PQy5+HtONKVERYpKSnVdi/5qk/ivO7OttpsNrVq1apa2gEAAADgf5iighrn
q3NYF8INJ7PZrMGDB/usG+KsYZGXl2f8V3q1kOriDAd8jVLw1D5f4UZycrK6du1a7rGd+3WO6sjJ
yXE7f0+8jcxxXmdvnIGMp+vsSXx8vMaPH1+t95LJZCr3uvtzvQEAAAAEDgEHapyvYqN1bcWLxMRE
jR8/vs61y8lsNpcbcvgjPj5e48aNU0pKSsCXVXXu21fgkJiY6HOJWX8lJydr/Pjxio6OrtJ+/FEX
plIBAAAA+B+mqKDGeasfUVemp7gymUyKjo5268xWpMimrxVZAsU15PC17Ksn8fHxSk5OVkJCgs/V
T5zbZmRkVHrfvphMJmOJWafKnEfnzp1r7B4ym8167rnnKnzNAQAAAFSPEIfD4ajtRtSWkKUXa/R4
g5ubtO62BlcenF8r7bqtRo+vDi9L7Z+v8m4sFotRE8GV2WxW586d/dqHsxCmq4p0Tr21QZKSkpL8
Op6v7b0dU5LS09OVlZWl48ePS/pfcU3XICM5OVlxcXEKDw/3GBwcOHDA4xSLrl27VmkEhXMqh7PD
7a2NcXFxio+P9yvYKL1v13oZrj9XZd+ljyP5f50lVepYe/bs8fj7ir4GrjVJnG11NWDAAIWHh/s1
9QcAAABA5RFw1KAfS8AheS+gWZGOYel9VLQjXNE2BKLNzv1YrVZjf1arVZIUHh5ubFNeZztQbfGm
dKHT0m00mUwKDw+v1PGc51/650Ds29NxyrvOzmNWZv+eVGZfvgrLVqWNAAAAAPzHX9yolEB01qq6
j4o+P1AdTJPJVONtr6jqLrBZE5316j5OIPdd16ZWAQAAAFcjiowCAAAAAICgR8ABAAAAAACCHgEH
AAAAAAAIegQcAAAAAAAg6BFwAAAAAACAoEfAAQAAAAAAgh4BBwAAAAAACHoEHAAAAAAAIOgRcAAA
AAAAgKBnqu0G1KZZ3c01erzIsFK/6DSrRo8vU5OaPR4AAAAAADUkxOFwOGq7EbXlsq3mT72BKeTK
DyWFksNW48dXWIOaPyYAAAAAANXsqg44AAAAAADAjwM1OAAAAAAAQNAj4AAAAAAAAEGPgAMAAAAA
AAQ9Ag4AAAAAABD0CDgAAAAAAEDQI+AAAAAAAABBj4ADAAAAAAAEPQIOAAAAAAAQ9Ag4AAAAAABA
0CPgAAAAAAAAQY+AAwAAAAAABD0CDgAAAAAAEPQIOAAAAAAAQNAj4AAAAAAAAEGPgAMAAAAAAAQ9
Ag4AAAAAABD0CDgAAAAAAEDQI+AAAAAAAABBj4ADAAAAAAAEPQIOAAAAAAAQ9Ag4AAAAAABA0CPg
AAAAAAAAQY+AAwAAAAAABD0CDgAAAAAAEPQIOAAAAAAAQNAj4AAAAAAAAEGPgAMAAAAAAAQ9Ag4A
AAAAABD0CDgAAAAAAEDQI+AAAAAAAABBj4ADAAAAAAAEPQIOAAAAAAAQ9Ag4AAAAAABA0CPgAAAA
AAAAQY+AAwAAAAAABD0CDgAAAAAAEPQIOAAAAAAAQNAj4AAAAAAAAEGPgAMAAAAAAAQ9Ag4AAAAA
ABD0CDgAAAAAAEDQI+AAAAAAAABBj4ADAAAAAAAEPQIOAAAAAAAQ9Ag4AAAAAABA0CPgAAAAAAAA
QY+AAwAAAAAABD0CDgAAAAAAEPQIOAAAAAAAQNAj4AAAAAAAAEGPgAMAAAAAAAQ9Ag4AAAAAABD0
CDgAAAAAAEDQI+AAAAAAAABBj4ADAAAAAAAEPQIOAAAAAAAQ9Ag4AAAAAABA0DPVdgPw45Geni67
3S5Jaty4sVq1alXLLUIwKigo0LFjx4zHbdq0UXR0dJntjh07poKCAklSZGSk2rdvH7A22O127dq1
Sxs3btS+fft0+vRpRUZGKiEhQc8++6yaNWsWsGPh6uLv/Q0AAICKC3E4HI7abgR+HEaNGqWTJ09K
kh566CH95je/qeUWIRilp6dr7NixxuM333xTPXv2LLPdlClTtGrVKklS37599frrrwfk+JcuXdLM
mTO1atUqWSwWFRUVyW63KyQkROHh4dq4cSPhHSrN3/sbAAAAFccIDgTM+fPndebMGUlSfn5+Lbem
6iwWi/7zn//ov//9r9LT05Wdna2CggI1a9ZMCQkJ6tatmwYOHBjQb/OLior0t7/9TRs3blRSUpIm
TZqkJk2aBGz/wcBmsxn3kSRZrVaP2126dMnY7uLFix63qej1tNvteumll/Tppzooju4AACAASURB
VJ8ao0NK/3v9+vUrcjoBVVJSovT0dB04cEDp6enKzMxUTk6OLly4oIYNG6p58+aKj49X586d1bVr
V3Xu3FmhocxErCkfffSR3n//fV1zzTWaNGmSOnXqVGab0vd3cXFxTTYRAADgR42AowatXr1a8fHx
6tKlS203BeX4+uuvNW/ePGVkZKioqEhWq1U2m00Oh0Pfffedtm/frmXLlik6OloTJkzQfffdp/Dw
8Cofd8uWLXr77bdlsVh0+PBhdezYUQ8++GAAzujqVNHruWXLFq1YsUIWi0WS1LVrV/36179WQkKC
oqKilJ+fXyvTCaxWq9asWaMPP/xQ33zzjXFPWq1WlZSUyG63KzQ0VGFhYQoPD1d4eLjq1aunxMRE
jRs3TrfeeqsiIiJqvN1Xk1OnTunPf/6zLl++rLCwMJlMJr9GFYWEhNRA6wAAAK4OBBw15OOPP9a7
776rG264Qb/4xS8IOeqw9957TzNmzFBubq5sNpvx+5iYGJnNZmMkR0FBgXJzczVr1ixlZmZqypQp
Mpmq9pbKz8/X5cuXJV2Zq3/p0qUq7a+i7Ha7BgwYYDx+6qmndM8999RoG6Qrnb5AzJ7Lz89Xfn6+
HA6HX9dzzZo1RrgRHR2tWbNmqVOnTgoPDzfaVNMjIvbv36/Zs2frv//9r/Ly8mS1WhUdHa1+/fop
Pj5eDRs2VHh4uIqKipSTk6OsrCzt2LFDFy9e1IULF7R//3716dNHzzzzjBISEmq07VcTq9VqjCSy
2Ww6f/68X89jligAAEDgEHDUgI8//liLFy/W5cuXdebMGYYk12FbtmzRtGnTjI5Ku3bt9Ktf/Uo9
e/ZUTEyMQkJClJeXp+3bt2v+/Pk6ceKEcnNz9d5776lTp0667777qnT8fv366fbbb9f69et10003
aeTIkYE4rQr5/vvvjZ+dYUtNC1Snr1+/fho+fLjf13Pz5s3Gz8OHD1eXLl0UFhZm/K4mv213OBz6
5JNPNGPGDJ09e1ZWq1W33XabRo8ere7duys6Olrh4eEKDQ01whe73S6r1arLly9r3759+ve//63V
q1dr7dq1+u677zRz5kz16tWrxs7hatKqVSs98cQTWrJkiZo1a6YJEyb49TxGcAAAAAQOAUc1cw03
2rZtq/vvv5/RG3VUUVGRXnnlFSPc6NSpk1577TW1a9dOkZGRxjf3LVq0UJs2bdSlSxc9/PDDOnPm
jAoKCjRv3jyNGjVKDRs2rHQbmjRpoldeeUUFBQWKjIy86upvOAVqBEdFrqfdbndb3aJTp05u4UZN
cjgc+uc//6lZs2bp4sWLatOmjZ555hkNGDBADRo0UEREhM+OcdOmTdWyZUsNGDBAd911l2bMmKGM
jAz99re/1Ztvvqlu3brV4NlcHUwmk37zm9/ogQcekMlk8vu9ywgOAACAwKH6XDUqHW489NBD6t27
N3Ph66gtW7Zo7969xuPJkycrMTFR9evXd5uWEBISIrPZrBtuuMFtpZhTp05pz549VWpDSEiIYmJi
1Lp1a11zzTW11sGubYHq9FXketpsNreCplFRUQFpQ2WsWLFCr7zyinJyctSzZ08tXLhQw4cPV9Om
TVWvXr1yv/UPCQlRvXr1FBMTo9tuu00LFizQ9ddfrxMnTui5557ThQsXauhMri7R0dGKjY1V8+bN
/f6cZwQHAABA4BBwVBPCjeCzadMmo+ZGp06dNHDgQJ8dYpPJpOHDhxuPS0pK3EYAILiUDlVqq+P5
7bffaurUqcrNzVW3bt00e/Zsde7cWfXq1avU/iIiIpSYmKgZM2aocePG2r9/v956660AtxqVxQgO
AACAwGGKSjVwDTfi4+ODPtzIz8/Xxo0btWnTJh09elTnz59XbGysunTpor59+6pv376VHmmQl5en
DRs2aNu2bTp48KAuXryoli1bqlWrVurVq5f69++vli1blnneyZMn9dOf/tR4PHXqVA0dOrTc4335
5Zf605/+ZDxetmyZWrVqJUk6ePCg8fuePXsqMjKy3P21aNFCTZo0UU5OjiQpNze33Of4cvjwYbdV
Pl5//XX16NHDbZuioiINGjTIeDxv3jz16tVLdrtdO3bs0KZNm/Ttt9/qxIkTatiwoTp06KC+ffvq
tttu8zgq4Xe/+522bdsmqWxna86cOXrzzTeNx3/5y180ePBgr+232WzaunWrtmzZov379+vUqVNq
2rSpWrVqpaSkJPXu3VvXXXddha5JVZR3PXfv3q0nnnhCUtlznzlzpt544w3jcatWrbRs2TKlpaXp
D3/4g/H7KVOmaMSIEeW25emnnzZqfMTGxuqDDz4o874pLi7WtGnTdO7cOUVGRurFF19Uu3btqlzY
NCwsTF27dtVjjz2m6dOn65133tHdd9+tjh07lvvcH374QV9//bW2b9+u48ePq7i4WLGxserevbsG
DBigrl27SpKeeOIJ7d69W5I0Y8YM3XLLLW77yc/P12233WY8/n//7//pxhtv1OXLl7VhwwZt375d
R48eVXZ2tlq2bKn27dtr4MCB6tevX5lw5+TJk1q/fr127dql77//Xnl5eWrVqpW6du2qAQMGqGfP
nhX6TEpPT9eWLVu0b98+ff/998rJyVGTJk0UFxenG2+8UQMHDlS7du3K3U/fvn2Nnx9//HHdf//9
frchUI4ePapt27Zp9+7dOnXqlE6fPq2mTZuqbdu26t69uwYNGqQWLVpUaJ9ZWVnatm2bdu7cqZMn
T+rs2bNq3ry5YmNj1atXL/Xp00exsbHl7uef//yn8Z7q37+/Zs+eLUk6cOCAtm7dqt27d+vkyZOS
pLi4OPXs2VODBg1S27Zt3fZTXFysnTt36uuvv9bRo0d1/PhxNWzYUO3atVOPHj00dOhQXXPNNRU6
RwAA8ONAwBFgpUdu9O7dO6jDjT179mj69Ok6ePCgCgsLZbVaZbfbdeTIEW3dulVLly5VcnKynn/+
+Qrt1+Fw6IsvvtC8efN08uRJFRYWqri4WCUlJcrIyJDJZNKqVavUpEkTTZgwQWPHjnXrsDRv3lyt
W7fW1q1bJUlffPGFXwFHamqqUUSzT58+atasmfFvw4YNU58+fSRJN9xwg1/nUVJSovz8fONxVZcQ
tVqtbkU+i4qKymzjcDjKFAL94YcfNHv2bK1fv14Wi0XFxcWy2WwKDQ3V3r17tWrVKi1ZskRTp04t
EzCcPXvWbX+uLl68aNQkkWSsMOLJ/v37NWfOHO3Zs0eFhYUqKiqSzWYzlsz88ssvFRkZqbvvvlu/
/e1va2S51fKuZ1FRkddzz8nJMYIr6X8jOq6//npdunTJCLNWrlxZbsBx4cIFrVixQoWFhZKkO+64
w2MH/LPPPtPWrVvlcDj029/+Vj169PAZbhQVFenQoUM6d+6cIiIi1LRpU3Xs2NHjksVhYWEaO3as
li1bpsOHD2vZsmWaPHmy1307HA59/PHHmjdvnnJyclRYWGgslXzw4EGlpaXpzTff1D333KP/+7//
0+HDh41r6ek+KSkpcbvWly5dUlpammbNmqVjx465fb5899132rp1q5YvX66+ffvqj3/8o1q3bi2r
1ar3339f8+bNU0FBgXGPlZSUGM9ZsmSJhg4dqsmTJysmJsb7iyLpzJkzmj9/vlatWuV2z9rtdoWF
hWnPnj1as2aNXnvtNY0dO1YTJkxQgwYNvO7P9fzy8vJ8HjvQ8vLytHDhQi1durTMuYSGhmr37t1a
tWqV/va3v+mxxx7TL37xi3KXts7Pz9c777yjRYsWldnnd999Z3xOR0VF6aGHHtL9998vs9nss43O
a5SVlaVLly7pr3/9qz799FO3/UvSN998o/Xr12vBggV66qmndO+99yokJERHjhzR9OnTtWvXLlks
FmMJb+dn3erVq/X3v/9df/zjH90CNQAAcHUg4Aig0uFGnz59dN999wVtuLFz5049+eSTOn36tFtt
AqfLly/r8uXL+vzzz3X69Gm//6C32+1644039NZbbyk3N1d2u13SlYKQTZo0UXZ2tvLz82WxWJSb
m6vp06crNzfX+KZdujI95M477zQCjs8//1xTpkxR48aNvR43Ly9Pq1evNh6PHj3abVnXe+65RyUl
JZJU7h/+Tt9//73btfHnG/FAO3jwoF577TXt27fP6EBHRESopKREJSUlstlsslgs2rFjhyZOnKjF
ixerefPmxvN79uxpfNvpcDi0fPly49+SkpLclha99tprPbZh7dq1evbZZ3Xu3DljlaCoqCi1adPG
WK60sLBQubm5evfdd5Wdna0ZM2aofv36Ab8eFdG4cWONGTNG0pUO+CeffGL8W+lzdwYyTZo00ciR
I7V06VJJ0ldffaXs7Gy3a1rajh07jNdGklJSUspsU1hYqDfeeEPFxcXq1KmTHnzwQa/3od1u18qV
K/X222/r5MmTstvtCgkJUWhoqGJjYzVhwgTdfvvtZUKUJk2aaMyYMZo+fbref/99Pfnkk15rjSxe
vFizZ89Wbm6u2+gWk8mkoqIiFRUV6dKlS1q0aJHOnTunU6dOeT1/Tz788EOlpaUpJyfH+AxwvW+t
VqsKCgr05ZdfKj8/XwsWLNCcOXP04Ycfuo2UMplMKikpUXFxsYqLi3X58mV98sknslqtmj17tteR
HMePH9fEiRO1f/9+FRQUGL+PjY1VixYtlJ2drRMnThj37VtvvaWsrKw6cd+WlpeXp8mTJ2vt2rVu
Kx81atRITZs21fnz55Wbm2t8ps6cOdNY2trb9cnJydEf//hHrVu3zu2zPSoqSs2aNdOpU6dksVhk
sVh08eJFzZ07VwcPHtTUqVP9Ci9PnTqlSZMmacOGDcb1j4iIMO4Fu91u3GMvvfSSmjRpolatWunx
xx/XiRMnjM8ZT591ubm5mjRpkhYuXMiqQQAAXGUIOALEW7jh69u+uuzChQuaPHmyTpw4YXRuxo0b
pxEjRqh169YymUy6cOGCduzYoUWLFmnnzp3GH6blee+99/TGG28YfzTfeeed+tnPfqYOHTooLCxM
xcXFOnLkiBYvXqy1a9cqNzdX8+fPV48ePdyGgN96660ymUyy2Wy6fPmyduzY4XMUx65du4yOkclk
KjPVojKdlrVr1xrXJzY2VjfeeGOF91FV8+fPV0FBgdq3b68HHnhA3bt3V0xMjIqLi5Wenq5//OMf
2rZtm2w2mw4ePKiPP/7YLSx6+OGHjW9N7Xa7W8AxYsQIjR071njsqTO8Z88e/f73v9fZs2flcDjU
o0cPPfzww7rhhhsUGRmpkpISnTx5UitXrtQ777yj/Px8ff755+rataseffTRarwy5evQoYNefPFF
SVdGQ7gGHKNGjdK9995rPHaOpAgJCdGIESOMgKOwsFBbt27VT37yE6/HWbdunfFzx44dPd4naWlp
+u677yRJ999/vxo1auRxX85pLMuXL9elS5fKvO/Onz+v5557Tl9++aX+8pe/uL1mISEhuvXWWzV9
+nSdP39ee/bsUf/+/cscY/v27Zo1a5bxfomKitKvf/1rDRgwQNdcc41KSkp05swZrV+/XosWLdLK
lSs9jjby5YsvvpDFYtG4ceM0fPhwxcbGymw269KlS9qzZ4/+/ve/KyMjQ0VFRdq8ebN++ctfat++
fcrPz9f48eM1YsQIxcbGyuFw6MKFC/rPf/6jxYsX6+TJk7JYLPr3v/+tMWPGaMCAAWWOXVBQoOef
f167du2SzWZTVFSUJkyYoGHDhikmJsb4XMnMzNTChQuVmppqhLm9e/eu8nLQgfbXv/5VX3zxhfEa
jBkzRj/96U/Vrl07mUwmWa1Wpaen65133tGGDRuUm5urf/3rX0pISPA4jcZut+ull15y2+ddd92l
MWPGqEOHDm77fO+997RmzRpdunRJ//73v1W/fn299NJL5U6rOnHihE6dOqV27drp/vvvV/fu3dW4
cWOVlJTo+PHj+vzzz7VkyRI5HA5dvHhR06ZNU2RkpDIzM9W5c2c9+uijuuGGG9SgQQNjZMjHH3+s
zz//XA6HQ+fPn9drr72mRYsWVXmKFwAACB4EHAHwYws3JOntt9/Wd999Z3Ten3vuOd13332qX7++
TCaTQkJCFBsbq06dOql///76wx/+4NcKIkeOHNGsWbOMcOOJJ57QhAkTFB0d7fZtdcuWLdWlSxc9
8cQT2rZtm/Ly8jR37lzdfPPNxjeOLVq0UEpKivEHbWpqqs+AY/369cb53HbbbUbtjco6c+aM3n77
bePxQw89VCsrb1y6dEm33HKLpk6dqpYtW6pevXoKCwuTw+FQmzZtdP311+uXv/ylDh8+LLvdro8+
+ki//vWvjT/6Xb9tLd1ZNpvNPpe7LCgo0NSpU41wY8iQIZo2bZqaNWvmtpRp8+bNjWVXFy5cqMLC
Qs2dO1ejRo3yWGOlpoSHhxvn5zrCQroSeHk79169eik+Pl5ZWVmSpFWrVnkNOPLz891GDt15550e
C4Z++umnstvtiomJ0R133OFxXyUlJZo1a5bee+89FRQUKCkpSRMmTFBiYqIcDoeOHTummTNn6tCh
Q1q1apVefvnlMvvo0KGDrrvuOh08eFB79+4tE3DY7XbNnDnTLdxYsGCBbr75ZpnNZuPeiouL0/XX
X6+bb75ZTz31lM/pS55YLBZNnTpVY8aMcftcKSkpUbt27XTjjTdq/PjxOnXqlIqLi7Vjxw7ZbDb9
8Y9/1NixYxUVFWWMwGrTpo06d+6sm266SWPHjlVxcbEKCwuVmprqMeBIS0vT5s2bjWBvzpw5GjRo
UJkVk6699lq1b99eubm52rZtmwoLC/XPf/5TY8eOrTOd5m3btmnp0qVGEPHggw/q6aefVoMGDdw+
U5s3b65u3bppypQp+vzzz1VQUKC5c+dq+PDhZUZmrVixwi20euKJJ/TYY4953Gf37t3VokULLV68
WIWFhfroo4/Uv3//cqdt2Ww2JSUlaebMmWrTpo0iIiKMz3ZnWNyoUSO9/vrrkqTMzEyFhIQoMTFR
b7zxhvGc0NBQlZSUKCEhQTfddJOio6P1wQcfSLpSOPrYsWNq3759Fa8yAAAIFnXjL7Qg9mMMN3Jy
cvTuu+8and1bbrlFDzzwgBo1aqTw8HCj0xoWFqb69eurc+fOevHFF/0qyvn2228bS1T27t1bjz/+
uGJiYsoMxQ8PD1fz5s312GOPGb/bvn279u/fbzwODQ3VqFGjjMerV6/WpUuXPB7XYrHos88+Mx6P
GjWqSh0Uu92uOXPm6MSJE5Kkrl276p577qmVlTfi4uL08ssvq127dqpfv77RSQgJCVFERITi4uJ0
zz33GNtnZmYqOzs7IMdes2aN/vvf/8rhcKhJkyaaMmWKWrduXWYp07CwMDVq1EgPP/ywERpcunRJ
X331VUDaUdPq16/vFmisX79ep0+f9rjtnj173Gp5eKoLcPHiRa1Zs0aSNGTIEK8FEtesWaN3331X
BQUF6tOnj15//XWlpKSoQ4cO6tixowYNGuT2XE+Bm8lkUrdu3STJ7f3ktHv3bu3atct4PGHCBA0Y
MEANGjRwu7dMJpOio6OVnJzss5aHN3fccYd+/vOfl/lcCQ0NldlsVmJion72s58Z29tsNg0YMEDj
xo1To0aN3KaXhYWFKSoqSjfddJNuv/124/dpaWkej3369GmjiPGoUaM0dOhQNWjQoMxngslkUvPm
zfXzn//c+N2hQ4e8vtaVUdXPjMWLFxt1gK677jpNmjRJTZo0KfOZGhERoebNm+uZZ54xQs0zZ85o
06ZNbttZLBYtWLDACPz69Omjxx9/3Os+mzZtqkmTJhn3VEFBgRYsWGBMIfHlmWeeUYcOHYzgzCk8
PFyNGjXS+PHjjSmeJSUlstvt+v3vf6+EhARFRkYar1doaKjRFtfRNc5RbAAA4OrBCI4qcA03JKlh
w4a6dOmS/vnPf1b7sW+55RZ16dKlWva9Y8cOtw7Z+PHjfQY2YWFhSkpKUtOmTY0K+J6cO3dOH3/8
sTGKwtcwfOnKH/7O1QsyMzNltVq1a9cuJSUlGdsMGDBAjRo1Um5urnJzc7Vjxw7deuutZfa1d+9e
nT17VpKMTllVLFmyRMuXL1dJSYkiIiL0pz/9yedIh+o0duxYxcfHew1sQkJCdP311xuP7Xa7sVpN
Vb333ntGDZK7775b7du399lha9WqlUaOHGm8R77++utaWWkiEIYNG6a//e1vkv43TeWuu+4qs92G
DRuMe/7GG29UYmJimW2++eYbYwREnz59PL6Wly9f1owZM5Sfn6/o6GhNnTpVcXFxbtc7IiLCCK/i
4uK83hPO2iLffvutx/Y6X9OIiAj9/Oc/91lHKCIiwuMoifL07dvX57SwsLAwde/e3e13o0eP9vlZ
5AxvPv30U0lXwjybzeYWhkhXpnA4R8mEhob6XII3JCTEbRUPm82mixcvVnkEWCCcOHFCqampxuMH
Hnig3MKq7dq109ChQ7V8+XI5HA7t27fP7b7dtm2bMVVKkh599FGfn9OSFBMTo0ceeUS//e1vJV0J
znbv3m0UbfamZ8+ePoNm56gTZ+DWunVrDRw40OdzOnXq5Pb4zJkzPtsAAAB+XAg4Kunbb791Czek
K9/suf5hWJ1atWpVbQHHvn37jA5ZdHS0W90Lb0wmU7nLMu7bt8+tmF95f/xKUr169XTzzTcrMzPT
2Ierxo0bGwUfHQ6HvvrqK48Bx9dff20UEL3jjjuqFEasXbtWM2fONDqkTz75pHr16lUrozekK4UE
yxuNUrqD4rryS2WdPn1aO3fuNB7379+/3HsgNDRUSUlJRsCxdetWWa1Wv4u61iXXXXedevToYSyN
umrVqjIBh9Vq1apVq4zHd955p8dzdV2i2Fsdl9TUVON9MH78eHXu3LnMPWe3241VKnwt29mmTRtJ
V1ayKH39nUsGS1eCVH+WFK1MIWV/nlO6aLBr0VdvXO91Z9HJ0kUvGzRoUKFRdqVfM09Fl2vDN998
4za1ylM9ldJCQ0P1y1/+UgMHDpSkMkHnjh07jNF7LVq08Guf0pWaSNHR0crLy5PNZtOOHTvK/Ywv
730fGhrqttJVYmJiuSMFo6KiFBERYYwgCcRnHQAACB4EHJXUoUMHDR8+XB9//LHxu4SEBK+rTASa
69KdgeYa0nTv3j1gdSWOHDni9vi5557za5qI6xDj0iNEShd8/Oyzz/T888+7dV6sVqvb9JQRI0ZU
OozYvXu3Jk+ebNQnuPvuu/WrX/2qVjvo/pxL6W2cYU9VfP/9927D0N966y19+OGH5T7PdXpMXl6e
8vLyyv3WuS4KDw/X6NGjjYDj66+/1qlTp9w6jN98840xjUmSx/BNcg844uLiPG7z0UcfGa/b6NGj
PYZJeXl5Rt0EX6u6OEcs2Gw2FRQUGKGA3W53m56SlJRUq7UmSp+jP6FI6faWd6/b7XYdPnxYO3fu
1HfffafMzExduHDBmEonlV1e2HVVmdrk+lkdExPj9d4prVu3bsZy0aWv1969e42fb775Zr8//xs2
bKiePXtq/fr1kqQDBw749bzyuN4D/kyDDAkJcXuOv8WvAQDAjwMBRyVFRETowQcflMPh0LJlyyRd
6SzExcXppz/9abUfv7xvyqvCdUhvfHx8wEYmlB4q/PXXX/v1PNc/UM+dO1fm33v16qW4uDgdP35c
Fy9e1I4dO9xWSDlw4IDxrXarVq3Uu3fvSrReOnz4sJ566ilj/n2/fv303HPPqWHDhpXaX7Ar/Vrs
3LnTr3vFtcPpcDiUn58flAGHJA0dOlQvvPCCpP9NU7n77ruNf9+0aZNx//br10/t2rXzuJ/jx49L
uvJtuqdpG6dPnzZGVnTq1EkdOnTwuB/XJV291fGQ5DZlw3U0Qn5+vltoVZsFYGvC3r17tWDBAmMZ
X6vVKqvVatR7qOtcQ5iWLVuWmYrjjclk8rqta4gcHx/vd1tKT+VxDfYAAABqCgFHFTRo0EDjx4+X
JC1btkyZmZmKiIhQo0aNaiTkqC6uhToDuSqI6/QUSX4VoSvN03Pq16+vO++8U/Pnz5fD4dC6devc
Ao60tDSjszJq1KhKLQf7/fffa+LEiTp69KgcDoe6deumv/zlLz6/JQ+EQH5THBISYuwvEPstvepI
ZYfte+pIurbVXw6Hw2PAUpF9VfS4sbGxSklJMeogfPbZZ7rrrruM1UA+//xzY9uRI0d6DSadAVy7
du08nkN6erpx7/fv399r59R1ZJevgMO1Ha7f4JceqWA2m73uI9itWrVKU6ZMUW5urnHeSUlJ6tKl
i5o0aeJWl+PMmTNasmRJtbSjKu9F1/dgw4YNvb4HKsJZq0hShYtlu04F8hRGAwAAVDcCjioqHXK4
TqcI1pDDtVNTmRDCG9dOVceOHfXuu+9WeB/eOnYpKSmaP3++JGnlypV65pln1KBBA9ntdv373/82
ths+fHiFOwDnzp3T008/rQMHDqikpEQdO3bUnDlzyi2o+WNXemj7ihUrKhX4BPMogbCwMI0aNcoI
ODZs2KAffvhBsbGxysjIMKaemEwmDRo0yOM+7Ha7MSqoadOmHrdxjvCQfNehcA04fNWZce0Yu4aY
dbXWRKAdOnRIzz77rDECYsiQIXrsscfUoUMHY7lS1/f2/v37qy3gqArX16ugoCAgn0eNGjUy7qPS
IWZ5XLcvXT8FAACgJhBwBMCPLeRw7WQFajlRSW5TOU6fPq0WLVoErHZF165d1a1bN+3fv18XLlzQ
zp07NWjQIKWnpxvz1BMTE70WcPQmLy9Pzz77rLZv3y673a7WrVtrzpw56ty5c63WJqgLSn+7azab
jeKVdVV11E4YOHCgsZJPUVGRNm/erHvvvVdbtmwxAoIhQ4Z4LfrpcDiMUSze2uc63N9XIHT+/Hnj
Z1/TfpzbxcXFudW1KD1iy3UKRKDVZh2LpUuXGud2/fXXa8aMGWrWrJnX+sNsuAAAIABJREFUALWu
jmRxLaianZ2tkpKSKn8utWjRQllZWZIqvgKJ6/K5rsVBAQAAasrV3UMLIGfIMWbMGNlsNqWnp+vr
r7/2uAxjXef6DfGePXsCNhfddVnFy5cvlyk6WhUREREaPXq0JBnTVCRp8+bNstlskqSf/OQnFVrt
wWKx6MUXX9S6detktVp17bXX6tVXX9UNN9xQrTVQgmVUSOnRGoEqKuivunKdYmJiNHLkSOOxc9WU
NWvWGL8bMWKE13vG9Tyc92ppzqK2ksqsCOLKNZDw9Q26873XtWtXt+OHh4frhhtuMB4H4+dXeex2
u1asWGE8vvPOOytUvyIQAnXvutZ0OXv2bECWRHVdUtoZ7PrDarVq+/btxmNnEVMAAICaRMARQJ5C
joULFwZdJ8G1g3P69OmAdVxd9+twOIxh/YEydOhQ4+fPPvtM+fn5bkt03nbbbX7vy2azacaMGVq5
cqWKiooUHR2tOXPmqFevXjXaEarLSq8atHz58oCszlKdqiMUca7k47Rp0yZt3brVKApav359Y0lO
T8LCwoxRU6VrYDi5XldfHU5nLQ+p7NLArs/fsGGDJM9LNd98883Gz1999ZXbUtg/BhcvXnSbytOs
WbNy74tA39euo1eqck9ef/31xvPtdrv27Nnj1/NWrFihyZMn65lnntGiRYvc/q1nz57Gz5mZmX5/
/u/atcstYOnRo4dfzwMAAAgkAo4AKx1y7N+/P+hCjr59+xpD1e12u957771yn3PkyJFyi8p16tTJ
bYrIokWLdOzYsXL3bbfb9f7777t9i+1J27ZtjY7k2bNn9a9//ctY8rB3795eV54oraSkRK+99pre
f/99WSwWRUZGatasWRowYECtLgfrTSCH+ldkeLvZbNZPfvIT4/GOHTv01Vdf+fXcL7/8UpmZmRVu
X13lXMlHuhJSTJ8+3Qgrhg0b5rPgp/S/1SqOHDni8fUsPb3Lk3PnzunTTz81Hnu7V/fu3aujR48a
7S5tyJAhxs85OTluhVK9cV1atq4LCwtzu8blfQY5HA599NFHAW2Da6hRlfdv+/bt3UKqf/3rX+WO
uLDb7VqyZImWLVum5cuXlyn+3L9/f2N6ic1m0zvvvFNuG+12uxYuXGgEQa1bt1bfvn0rc0oAAABV
QsBRDYI95Lj22mvdaocsX75cq1ev9rp9dna2/vznP8tisfjcb7169fTII48Yj8+dO6cXXnjB5zx/
q9WqN954Qy+//LKeeOIJn51iZ8FH6Uqn4a9//atRA+HOO+/0e+TFokWL9Pe//135+fkymUyaPn26
hg4dWqHpLZ7k5ubqhx9+KLcDUtFvd/39Btif/YaEhLiNynCt6eDJL37xCyMMKy4u1ksvvVTufZ6a
mqqnn35aDz30kNLS0sptqzelt/F2ThXpQFa2s1m/fn23sGffvn3GzyNGjCg3OGrfvr0k6YcffvD4
fnCdiuAcfeHK4XBowYIFbq9X6Y6rdKUjunjxYtlsNt16661KTEwss02vXr3UtWtXY7+vvvqqUcfG
kwMHDmj69Ok+zs6z2ppiFB0drU6dOhmPP/jgA7cirq6Kior06quvGkuBO3mbSuQvf+8z52eGt+OZ
TCY98MADxrXcvHmzFi9e7PO4ixYt0q5du2SxWGSxWMqMLoqJidFDDz1kPF61apU+/PBDn+1cvHix
1q9fbzz+1a9+ddUunw0AAGoXAUc1CeaQIzQ0VBMmTDBqZhQUFOiZZ57RG2+8oczMTBUXF8tutys7
O1srV67Uo48+qs2bN/v1R/uwYcN07733Srryx3ZaWpoeffRRrVu3zm0ofFFRkbZt26ZJkybpjTfe
0MWLF/Xtt9+WGw4MGTJEkZGRkv633K3JZHL7VtqXZcuWafbs2UZbXnjhBY0aNcptycjKWLdune64
4w6NHj1av//9771ORagLunTpYvy8YsUKbd++Xfn5+crLy3Mb2i9d6Zg/++yzxuOsrCxNmDBB77//
vttyk3a7Xenp6XrllVf0+9//XufPn1dGRobbksTBbtiwYcbPzg5pkyZN/Pom23nN7Xa7UeDRleu0
gTVr1mjlypXG+y0vL09z587V0qVL3VZO2bx5s9s+HA6H3n//fWNExkMPPeRxlIfZbNakSZOMxz/8
8IMeeeQRffLJJ8rOzpbdbldRUZGysrK0aNEiPfzwwx7bXFeFhYXpZz/7mfE4OztbEydO1Lp165Sd
na2LFy8qMzNTq1ev1kMPPaS33nqrTFjkKTyqLG9Bj+tnxh/+8Aevnxm33Xabhg8fLunK5+bs2bM1
b948HT9+3LhH7Ha7Dh8+rJdeeklz5swxgt9HHnmkTMgVEhKi+++/X/3795d0pRbRSy+9pNmzZysz
M9NtqekjR45o2rRpmj17ttG+QYMG6Wc/+1mdqZEDAACuLhQTqEalV1dxhhwPP/ywWyeyLmrdurWm
TZum3/zmN8rPz9eFCxf02muv6e233zZGQtjtdhUWFiovL0/NmjVTVFSUz296pSudpz/84Q/Ky8vT
6tWrVVxcrJ07d2rixImKjIxU27Zt5XA4dPz4cRUVFSkvL0+FhYWKiYnRyy+/rLZt2/rc/7XXXqth
w4a5DdUfMmSIW4FTb/bt26cXX3zR6HRHREToiy++0MaNG8t9buk2zJw50+138+bNU1ZWlhwOh1au
XKl7773XY/2DuuDWW281Rgl8//33mjBhgjF6ZfLkybrrrruMbcPCwnTvvffq3Llzmjt3rkpKSnTs
2DG9/PLLevXVV9WqVSs1aNBAx48fV35+vvLz843w6He/+53fwVNNCQkJqfQoji5duigpKcmtDsLI
kSO91sJw5VqfZvPmzWXqFyQkJOj222/X6tWrZbFY9Pzzz+uTTz5Rs2bNtHv3bn3//fdq3Lix5s2b
p8cff1ynT5/WnDlzZLFY1LdvX+Xn5+urr77SsmXLZLFY9NRTT/kMXgYOHKjf/e53xmt69OhR/elP
f1JkZKRRLNVms8lisejSpUvq3LmzDh06VNFLVmvuuecerV27Vlu2bJHD4dCuXbs0ceJERUREKCQk
RCUlJSouLlZeXp6sVqsGDhzo9jkQyNWlvN1v/n5mmM1mPf/88zpz5ox27dqlS5cuacGCBXr33XfV
vHlzNWnSRGfPntW5c+d0+fJl5efnS5LuvvtuPfnkkx5HtjVq1Egvv/yynn76ae3atUsXL17UwoUL
9f7776tRo0Zq3ry5EQa57rN3796aOnUqozcAAECtIeCoZqVDDrvdruLi4tptlB9CQ0N1yy23aN68
eZo2bZqOHj2qvLw85eXlldk2KSlJL7zwgpYsWVJuwCFdWX1j2rRpuu666/SPf/xDubm5xtB6Z8fB
dUh2UlKSpkyZoqSkpHKnmYSGhmrkyJFuAcfIkSP9WvXk9OnTysnJMR5brVbt2LGj3OeV5jr83cm1
41xYWFinv90cPXq0Vq9era1bt8put7uNxPD0zXX9+vX12GOPKS4uTq+//royMjKMQo7Z2dkKDQ2V
zWYzzr9FixaaPHmyhg8fXmeX36yM8PBw3XXXXdq7d69xrsOGDfPrte7WrZtatmypU6dOadmyZXrs
scfcRleYTCY988wzOnz4sDIyMpSTk6MNGzYoLCxMRUVFatu2rWbMmKEePXroueee01NPPaXc3FzN
nz9fCxculMPhUEFBgQoKCvTII4/okUce8Tnlql69enrsscdkNps1b9485efnu703XN111126//77
dffdd1fwitWeJk2a6JVXXtHLL7+sNWvWyGazeZyOFR0drYkTJ2rMmDG65ZZbVFhYKOlKGHrPPfcE
pC2+pov5+5kRFxenV199VfPnz9dHH31kfFafPXtWoaGhstvtRn2MqKgoPfnkk/r5z3/ucynhhIQE
zZ07V3//+9+1ZMkSXb58WZcvX1Z2draOHj3q9p42mUy677779Oijj9b5paIBAMCPGwFHDXCGHFFR
UerYsWOdH73hFBERocGDB6tjx4766quvtGnTJmVkZOjChQtq2bKlrr/+evXt21eDBw/Wtddeqy++
+MKv/YaEhKhZs2Z69NFHNWzYMG3evFk7duxQZmamTp06pdDQULVq1UpdunRR3759lZycrGuvvdbv
Ghr9+vVT06ZNdf78eUVFRSk5Odmv55VeKcHhcFQqjPI0X37ixImaOXOmTp8+rVGjRrkVW60p/o5O
iImJ0dy5c7VixQp9+eWXSk9PN0bXeBsJ06BBA915553q06ePNm3apF27dungwYM6deqUCgoK1KZN
G3Xu3Fm9evXSkCFD1Lp1a2MqUVXaWlHVsU9XN910k/Fzq1at3FYk8aV+/fq6++679frrryszM1Ob
Nm3S4MGD3bZp166d3nrrLX3wwQfasGGDTp06pXbt2umWW27R6NGj1a5dO5lMJo0YMUINGzbUJ598
ov379ys7O1uxsbEaOnSoUlJS1Lt3b59LzTo5P7d69+6ttWvXatu2bTp27JjsdrtiY2PVo0cPDRw4
UL169SoTfNX1lYZCQkIUHx+vmTNn6ic/+Yk2bNigPXv26NSpU4qKilJ8fLz69u2rW2+9VQkJCYqK
itJTTz1lFHj1Z1SOv7zdkxMnTtQrr7yi7OxsjRw50udnRmhoqNq1a6c//elPGj16tP7zn/9oz549
OnnypM6cOaOmTZuqY8eO6tWrlwYPHqy2bdsatXN87TM+Pl7PPvusRo0apW3btmnHjh06ceKEzpw5
ozZt2qh169bq2bOn+vXrp+uuu04NGzas0+EtAAD48QtxVPdf/DAUFBTIZDJVuVhlTXM4HEZBOqvV
KrvdbpxHZGSk8S18bm6uMb2jYcOGfnUCSkpKVFhYqMLCQlmtVtlsNoWEhCgsLEwREREym80+O8Le
2nvq1CnZ7XaFhoaqZcuWfq0OYrFYyl0Jxh/h4eFq0aKF2++Ki4t18eJF2e12RUVFeR3CbbVa3VbJ
aNasWZn6Hw6HQydOnDAeN2nSRA0aNPDZpuLiYrdh9Z72W/oYzm/8i4uLFRISovDwcEVHR/t8PRwO
hwoLC1VUVKTi4mLjW17n6xkZGanIyEifr4c/10CSLly4YAyNj4yMdCuOWtF9Odte0eta2tKlSzV5
8mQ5HA5NmDBBU6ZM8fu5GRkZGjZsmAoLC3XDDTfogw8+KBNElJSU6PLly7JYLLLZbAoPD5fZbFZU
VJTbNS0uLlZ+fr6KioqM92u9evVUv379Cn/+OKeiON+jkoz9mc1mRURE6MiRIxo0aJDxnI8//rjM
dIqSkhKdPHnSeBwTE1NuJ7v0fdu8efNy2++cUucUGxvr834rKiqSxWJRUVGRbDabQkNDZTKZZDab
ZTabjdFf+fn5bjWAPL2HXZfpbdy4sccgyd970t/PDE/7d74HbTab7Ha7wsLCFB4ebnxeV2S1JOnK
PeD8nHbdp8lkMt7T/oRapev4+DPa4/z580aAVr9+fWNJZV9OnDhhBEeNGjViygwAAFcRAg4ACICS
khLdc8892rZtm6QrU9J69+7t9/PtdrtmzZql+fPny2Qy6f/+7//0u9/9Lii+EU9NTXVbeWPDhg1K
SEioxRYBAADgasQqKgAQAHv37tXu3bslXalfkJSUVKHnh4WF6eGHH1ZSUpJsNpvefPNNvffee9U+
rcabr776SmfOnCl3O4fD4Vbzpm3btoqLi6vOpgEAAAAeEXDg/2PvvuOjqvL/j79nJr2QBqEmSCcU
AQFBhFA0KKxrQSz71XVRrF9+4ooN2+66dmUtgCt2BMvaQUVBCSwgovRehFACJJKE9Eky/fdHHjPf
lGmhOvJ6Ph48IDPn3nvmzp08uO8553MAHKeqqiq9/PLLnikc11xzzTEtLZySkqInn3xSaWlpqqio
0FNPPaUZM2Z4puKcKmvWrNE999yje++9t960C28+/fRTLVq0yPPzNddc43X5WQAAAOBkY4oKADSR
xWKRxWJRZWWldu/erblz52rp0qWyWCxq2bKlFixY0KgOS7DsdrvWrl2r+++/X3v37lV8fLx69eql
G2+8UcOGDQtYINRsNmvVqlVq1qxZ0EVO63K5XJowYYKys7MVERGh9PR03XrrrRoxYoRat24tg8Eg
h8Ohffv26fPPP9ecOXM8dRW6du2qDz/8UC1btjym1w4AAAAcDwIOAGiiH374Qffcc4+cTqdsNpvK
y8s9K+5MmzZNV199dZMLOdZlt9v1yy+/6MUXX9S3336rsLAwNWvWTElJSRo8eLB69Oihli1bKjo6
Wk6nU9XV1crLy9Pu3bv1448/qry8XFlZWZo2bdoxHX/NmjX661//qgMHDshoNKpZs2aKjo5WQkKC
WrZsqSNHjqikpERms1mVlZWSaleN+fe//61zzjnnuF47AAAAcKwIOACgiZYuXao///nPjR6/9957
ddttt3lWFjoeDodDpaWlWrFihT788EOtXLlSBoNBUVFRioiIkMlkktFolMvlksvlkt1u96ygERcX
p5tvvllTpkw5piKl7oDljTfe0BdffOFZ+thoNMpkMsnhcNRbVjkrK0v33HOPunfv/ptfIhYAAAC/
XwQcANBEGzdu1JQpU5Sbm6v4+Hidd955uvzyyzVkyJAmLy0biMViUUVFhfbs2aPNmzdrx44d2rdv
nw4fPqzy8nKFhYUpJSVFZ511ljp06KBevXqpT58+atWq1XEtj+lwOFReXq79+/drw4YN2rBhg3bu
3KlDhw6pWbNmateunfr27ashQ4aob9++SkxM9CypCgAAAJwOBBwA0ERWq1UlJSWy2WwyGo2KiopS
XFycIiIiTtox7Xa7rFarLBaL7Ha77Ha7ZxSFyWRSeHi4wsPDFRERoYiIiBM2TcThcHhqjlitVtnt
dhmNRoWFhSkyMlLR0dEUFQUAAMBvAgEHAAAAAAAIeVSCAwAAAAAAIY+AAwAAAAAAhDwCDgAAAAAA
EPIIOAAAAAAAQMgj4AAAAAAAACGPgAMAAAAAAIQ8Ag4AAAAAABDyCDgAAAAAAEDII+AAAAAAAAAh
j4ADAAAAAACEPAIOAAAAAAAQ8gg4AAAAAABAyCPgAAAAAAAAIY+AAwAAAAAAhDwCDgAAAAAAEPII
OAAAAAAAQMgj4AAAAAAAACGPgAMAAAAAAIQ8Ag4AAAAAABDyCDgAAAAAAEDII+AAAAAAAAAhj4AD
AAAAAACEPAIOAAAAAAAQ8gg4AAAAAABAyCPgAAAAAAAAIY+AAwAAAAAAhDwCDgAAAAAAEPIIOAAA
AAAAQMgj4AAAAAAAACGPgAMAAAAAAIQ8Ag4AAAAAABDyCDgAAAAAAEDII+AAAAAAAAAhj4ADAAAA
AACEPAIOAAAAAAAQ8gg4AAAAAABAyCPgAAAAAAAAIY+AAwAAAAAAhDwCDgAAAAAAEPIIOAAAAAAA
QMgj4AAAAAAAACGPgAMAAAAAAIQ8Ag4AAAAAABDyCDgAAAAAAEDII+AAAAAAAAAhj4ADAAAAAACE
PAIOAAAAAAAQ8gg4AAAAAABAyCPgAAAAAAAAIS/sdHcAAAB499prr+ndd9/1/OxyuTz/NhgMkqS3
3npLGRkZp7xvAAAAvzUEHAAA/EaVlpYqNzfXbxubzXaKegMAAPDbRsBRx5AhQyTVfkNmMBi8/i39
37dmdTVsG+g5974SEhK0cOHCk/myAAAAAAD43SPgqCPQt2QnQ2Vl5Sk/JgAAAAAAvzcUGQUAAAAA
ACGPERwIisPh0IIFC/y2iY+P18iRI09RjwAAAAAA+D8EHAiK3W7XI4880qiOSN3aIgMHDiTgAAAA
AACcFgQcCIrL5VJxcbHfNtQTAQAAAACcLtTgAAAAAAAAIY8RHE00ceJEtWzZst6ysZK8Lifr7zn3
vyMiIk5p/wEAAAAA+D0i4GiisWPHqlevXqe7GwAAAAAAoA4CjiaKjo5WbGzs6e4GAAAAAACogxoc
AAAAAAAg5DGC43emurpa+/fv15EjR1RVVSWTyaT4+HilpqaqQ4cOMplMp7uLTeJwOHTo0CEVFBSo
tLRUFotFJpNJUVFRSk5OVps2bdSiRYtT3qc9e/bo8OHDqqqqUmRkpFq0aKEePXr8JmqqHDx4UEeO
HFFZWZksFouioqLUvHlztW/fXgkJCSftuC6XS4WFhcrLy5PZbJbZbJbdbldMTIxiY2OVmpqqdu3a
ndRr0OVy6ddff1V+fr7MZrOqqqrkdDoVExOjmJgYpaSkKC0tTeHh4SetD+7PYHl5ucxms6qrqxUR
EaHY2FjFxsYqLS1NycnJJ+34oc7pdCovL6/eZ97lcikyMlIJCQlq0aLFSb+OfKmurtauXbtUUFAg
m82m6OhotW7dWhkZGUHvw/07LS8vT+Xl5XI6nWrWrJmSk5PVqVOn38TvEAAAgFBFwPEblJOTo+uv
v14Gg6He43ULlS5YsMBzk+RyubR27Vp98803ys7OltlslsPhkNPplMFgkMlkksFgUKtWrTR27Fhd
fvnlatu2rd8+jB8/Xnl5eZ79Nyyc6s3atWs1ZMiQRsVXp06dqksvvTTo1+9wOLRhwwYtW7ZMS5Ys
0ZEjR+R0OuV0OusVaTWZTDKZTOrSpYsuuOACjRw5Uh06dAj6OJI0d+5cvfrqq/XOrfu8u1wuDRgw
QDNmzPD065tvvtG7776r/fv3y263e/pjMpn06aefqmPHjk06vj933323fvrpp3r9qdvHhx56SJdc
comk2huvr7/+WosWLdKmTZvkcDjkcDjkcrlkNBplNBoVHh6uIUOG6A9/+IOGDx9+Qm7y3e9Vdna2
1qxZo9zcXM95cf8xGAwyGAwKCwtTixYtNHjwYI0ePVoDBgxQWNjx/wpyOp3avHmzFi9erJUrV+rQ
oUOe1+50OiWpXh9iY2PVv39/jRgxQpmZmSck9CkpKdGSJUu0dOlSbdiwQTU1NZ7jO51Oz3vg7kPH
jh113nnnadSoUerZs2ejz3pDO3bs0MSJExtdA3U/D6+//npQ9YE+//xzTZs2rd5j7v199NFHSktL
C7iPN998U2+99Zbn2A37lZaWpv/85z8BX5eb0+n0fOaXLVumvLw8z++wuteR0Wj0XEfDhg1TZmam
Bg0adEzX0d13362ff/653uuv+/m/9dZbNWHCBElSRUWFPvroI3344YcqKSmRw+HwvPaEhAQtW7Ys
4PHy8/O1YMECffvtt8rNzfW8PqfTqbCwMM/v6NGjR+vKK69Uu3btmvyaAAAAznQEHL9BNptNBw8e
9NumtLRUycnJys/P10svvaTvvvtOVVVVqqqq8hlGFBUVae/evZo7d66mTJmi8ePHy2j0PkspLy9P
ubm5Teq3xWLxuk1lZWXQ+9i4caNmzZql1atXq6qqStXV1Z6bCV8KCwu1YcMGvfrqqxo/frwmTpyo
5s2bB3W8iooKv68zLi5OkmQ2m/XEE09owYIFKi8vl91ub9Q2UD+bqqCgwO914H5u/fr1+te//qXN
mzfLbDbLarX63Oarr77S0qVL1a9fPz3wwAPq3r37MfXN5XJp+fLleu2117Rjxw5VV1erpqbG63lp
+JpycnL0xRdfqGvXrvp//+//aejQoUHfCDe0fft2vfjii1q3bp2qqqqC6oPBYNChQ4e0ePFiJSYm
6s9//rOuu+46RUdHN/n4NTU1eu+99zR37lyVlJR4zn+gQLCgoEAbNmzQ7Nmz1b9/f9155506++yz
fbZPT09XWVmZysrKfLbZsWNHUAHH999/7/OaX7duXVABx8qVK/1em8OHDw/6PV2/fr1ef/11/fzz
z02+jj755BN1795dt912mzIzM5t0HRUUFPj97LsD3gMHDujBBx/Uxo0bVVlZ6QnN3Br+3JDD4dBH
H32kV199VUePHlVVVZXP11dUVOR5XZMmTdI111wT9OsBAAAAAUfIKi8v19atW3Xfffdpz549qq6u
DriNw+FQRUWFKisr9fjjj2vv3r267777fhPTVux2u95++23NmjXLM7UiWDabTTabTeXl5XrnnXe0
fPlyPfnkk+rbt+9x9ys/P182m03//Oc/9fnnn/s9z77CopPlyJEjWr58ue69914VFhbKZrMF3Kam
pkY1NTVatmyZdu7cqWeffVaZmZlNOm5ZWZleeuklffHFFyorKwvquG4Oh8MzfaW0tFSTJ0/WuHHj
dM899ygmJibo/bhcLr333nt68cUXVVpa6jfU8bat+zwUFxfrhRde0JIlS/Too482aarBgQMH9Pjj
j+vHH39URUVFUKOc3NzXbGVlpbKzs7V+/XrdfPPNuuWWW7yORoiJidHQoUO1YMECn/vcsmWLrrrq
Kr/HLS8v19KlS30+v2LFCl1++eV+92G1Wj0jH3wZNGiQ3+el2nPw5ptv6vXXX1d5eXmTPvN1r6OS
khLt2LFD48aN05QpU05YEejS0lIVFhbqrrvu0qZNm3xe5/5Gj1RXV+uZZ57RZ599prKysoDXiMPh
UGVlpcxms5566ikdOXKkSZ8vAACAMx1FRkPU8uXLdeedd2r79u1BhRt1uVwulZSUaPbs2frkk09O
Ug+DZ7Va9cQTT+ill15SQUFBk250GqqsrNTWrVt1xx13aM2aNcfdt/Lycs2ePTtguCHpmEchHKvs
7GzdddddnhCmKaxWqw4dOqTJkydr3bp1QW9XXFys+++/Xx988IGKioqO6+bLZrOpsLBQ7733nv72
t7+pqqoqqO1cLpfeeustPfPMMyooKGhSuOFtX+Xl5Vq1apUmTZqkrVu3BrXdwYMHddddd2nJkiUq
Ly9vUrjRkNVq1ZEjRzR9+nRNmzbN6zk1GAw677zz/O5n9erVAY+1adMmmc1mn88vWrTI7/OSlJub
q4qKCr9t/I1GkWpHez322GOaPn26CgsLj+szX/c6mjJlit9RLk1RWFio5557Ths3bvR7nfsKiB0O
h5555hl9+OGHKi0tbdI14v4dPWvWLH300UdN7jsAAMCZioAjRL1v6se9AAAgAElEQVT66qvKyck5
rmkRlZWVeuGFF1RUVHQCe9Y0TqdT06ZN0wcffKDy8vITsk93Eb8HHnhAv/7663H378UXXwwqRDrV
Izhyc3NVWFh4zDfXLpdLRUVFevjhh4O6KbRYLJo6daoWL14c8Ca4Kcxms+bPn6/p06cH1X7hwoV6
4YUXTtiNrFR7k7xnzx5Nnjw54DVTXV2tBx54QBs3bjyucKWhiooKzZ49W2+//bbX58855xy/2+/a
tUvFxcV+26xatcrv9VJWVqYtW7b43cfOnTv97qNTp05KT0/3+bzD4dCzzz6rjz/+OGBQ0hRms1mL
Fy/W3/72t+MKTNxWrFihefPmBZwu42sEx7x58/Thhx8GHdx5U1lZqdLS0mPeHgAA4ExDwBGiKioq
As79Dsavv/6qxYsXn4AeHZvPPvtM77777nHdBHjjcrmUk5Oj559//rhrYwQbvJzqgONE1fzYuXOn
5s6dG7Dde++9p8WLF5+Qm8eGqqurNXv2bG3evNlvu6KiIj399NNBvScJCQnq27ev+vbtG9RKO06n
U3v27NH06dP93sC///77WrVqVcAbX6n2Zn/AgAHq1q1bwLZS7Q3tSy+9pG3btjV6rmvXrn5fhzuk
8cXhcGjRokV+j+9yubRq1Sq/bbZv3+73+eHDh/udtvH555/r/fffP+Gfeak2hFuwYIHefPPN495X
TU1NUMGmtxEchYWFmjZt2gl5jcczOggAAOBMQw2OJrrxxhsVGRlZr9q+VP8/of5WPzEYDGrevLm+
/PLLE9qvNm3aqGPHjkpISPB8CxvMN9xOp1Nff/21rr322nqPT5w40fOfe4PBIJvN1mjlhYbat2+v
P/3pT43Oi6+6BgcOHNCzzz4b1GiAmJgYDRgwQCkpKaqpqdHBgwcDTidwOBz68ssvddFFF2n06NEB
j3G8TvUUlYZiYmLUtWtXtWzZUhaLRXv37g2qUKzdbtcrr7yisWPH+lwF5ujRo3r55ZcDjljo37+/
xo0bp86dOys2NlY2m80Ton322Wd+t62srNT777/vd3rDN998owMHDvjdT9++fXX77berd+/eiomJ
[...]
EE/gAAAAAOIJHAAAAEA8gQMAAACIJ3AAAAAA8QQOAAAAIJ7AAQAAAMQTOAAAAIB4AgcAAAAQT+AA
AAAA4gkcAAAAQDyBAwAAAIgncAAAAADxBA4AAAAgnsABAAAAxBM4AAAAgHgCBwAAABBP4AAAAADi
CRwAAABAPIEDAAAAiCdwAAAAAPEEDgAAACCewAEAAADEEzgAAACAeAIHAAAAEE/gAAAAAOIJHAAA
AEA8gQMAAACIJ3AAAAAA8QQOAAAAIJ7AAQAAAMQTOAAAAIB4AgcAAAAQT+AAAAAA4gkcAAAAQDyB
AwAAAIgncAAAAADxBA4AAAAgnsABAAAAxBM4AAAAgHgCBwAAABBP4AAAAADiCRwAAABAPIEDAAAA
iCdwAAAAAPEEDgAAACCewAEAAADEEzgAAACAeAIHAAAAEE/gAAAAAOIJHAAAAEA8gQMAAACIJ3AA
AAAA8QQOAAAAIJ7AAQAAAMQTOAAAAIB4AgcAAAAQT+AAAAAA4gkcAAAAQDyBAwAAAIgncAAAAADx
BA4AAAAgnsABAAAAxBM4AAAAgHgCBwAAABBP4AAAAADiCRwAAABAPIEDAAAAiCdwAAAAAPEEDgAA
ACCewAEAAADEEzgAAACAeAIHAAAAEE/gAAAAAOIJHAAAAEA8gQMAAACIJ3AAAAAA8QQOAAAAIJ7A
AQAAAMQTOAAAAIB4AgcAAAAQT+AAAAAA4gkcAAAAQDyBAwAAAIgncAAAAADxBA4AAAAgnsABAAAA
xBM4AAAAgHgCBwAAABBP4AAAAADiCRwAAABAPIEDAAAAiCdwAAAAAPEEDgAAACCewAEAAADEEzgA
AACAeAIHAAAAEE/gAAAAAOIJHAAAAEA8gQMAAACIJ3AAAAAA8QQOAAAAIJ7AAQAAAMQTOAAAAIB4
AgcAAAAQT+AAAAAA4gkcAAAAQDyBAwAAAIgncAAAAADxBA4AAAAgnsABAAAAxBM4AAAAgHgCBwAA
ABDw8DmtAAAgAElEQVRP4AAAAADiCRwAAABAPIEDAAAAiCdwAAAAAPEEDgAAACCewAEAAADEEzgA
AACAeAIHAAAAEE/gAAAAAOIJHAAAAEA8gQMAAACIJ3AAAAAA8QQOAAAAIJ7AAQAAAMQTOAAAAIB4
AgcAAAAQT+AAAAAA4gkcAAAAQDyBAwAAAIgncAAAAADxBA4AAAAgnsABAAAAxBM4AAAAgHgCBwAA
ABBP4AAAAADiCRwAAABAPIEDAAAAiCdwAAAAAPEEDgAAACCewAEAAADEEzgAAACAeAIHAAAAEE/g
AAAAAOIJHAAAAEA8gQMAAACIJ3AAAAAA8QQOAAAAIJ7AAQAAAMQTOAAAAIB4AgcAAAAQT+AAAAAA
4gkcAAAAQDyBAwAAAIgncAAAAADxBA4AAAAgnsABAAAAxBM4AAAAgHgCBwAAABBP4AAAAADiCRwA
AABAPIEDAAAAiCdwAAAAAPEEDgAAACCewAEAAADEEzgAAACAeAIHAAAAEE/gAAAAAOIJHAAAAEA8
gQMAAACIJ3AAAAAA8QQOAAAAIJ7AAQAAAMQTOAAAAIB4AgcAAAAQT+AAAAAA4gkcAAAAQDyBAwAA
AIgncAAAAADxBA4AAAAgnsABAAAAxBM4AAAAgHgCBwAAABBP4AAAAADiCRwAAABAPIEDAAAAiCdw
AAAAAPEEDgAAACCewAEAAADEEzgAAACAeAIHAAAAEE/gAAAAAOIJHAAAAEA8gQMAAACIJ3AAAAAA
8QQOAAAAIJ7AAQAAAMQTOAAAAIB4AgcAAAAQT+AAAAAA4gkcAAAAQDyBAwAAAIgncAAAAADxBA4A
AAAgnsABAAAAxBM4AAAAgHgCBwAAABBP4AAAAADiCRwAAABAPIEDAAAAiCdwAAAAAPEEDgAAACCe
wAEAAADEEzgAAACAeAIHAADw/9u78++oqzz/46+qSiqVPSEra0LYIUAgCMpiIy6g0o200LZKe9Tu
1tGZnjlzunv+hZnfZs5MnzPTP3ztOW27sgmoqCgRghiWhOwJCZCFBBKyL5VKpbbvD5z6TBVZSEIQ
Cp+PX4yh6lNVn6rPTd3Xvfd9ASDkEXAAAAAAAICQR8ABAAAAAABCHgEHAAAAAAAIeQQcAAAAAAAg
5BFwAAAAAACAkEfAAQAAAAAAQh4BBwAAAAAACHkEHAAAAAAAIOQRcAAAAAAAgJBHwAEAAAAAAEIe
AQcAAAAAAAh5BBwAAAAAACDkEXAAAAAAAICQR8ABAAAAAABCHgEHAAAAAAAIeQQcAAAAAAAg5BFw
AAAAAACAkEfAAQAAAAAAQh4BBwAAAAAACHkEHAAAAAAAIOQRcAAAAAAAgJBHwAEAAAAAAEIeAQcA
AAAAAAh5BBwAAAAAACDkEXAAAAAAAICQR8ABAAAAAABCHgEHAAAAAAAIeQQcAAAAAAAg5BFwAAAA
AACAkEfAAQAAAAAAQh4BBwAAAAAACHkEHAAAAAAAIOQRcAAAAAAAgJBHwAEAAAAAAEIeAQcAAAAA
AAh5BBwAAAAAACDkEXAAAAAAAICQR8ABAAAAAABCHgEHAAAAAAAIeQQcAAAAAAAg5BFwAAAAAACA
kEfAAQAAAAAAQh4BBwAAAAAACHkEHAAAAAAAIOQRcAAAAAAAgJBHwAEAAAAAAEIeAQcAAAAAAAh5
BBwAAAAAACDkEXAAAAAAAICQR8ABAAAAAABCHgEHAAAAAAAIeQQcAAAAAAAg5BFwAAAAAACAkEfA
AQAAAAAAQh4BBwAAAAAACHkEHAAAAAAAIOQRcAAAAAAAgJBHwAEAAAAAAEIeAQcAAAAAAAh5BBwA
AAAAACDkEXAAAAAAAICQR8ABAAAAAABCHgEHAAAAAAAIeQQcAAAAAAAg5BFwAAAAAACAkEfAAQAA
AAAAQh4BBwAAAAAACHkEHAAAAAAAIOQRcAAAAAAAgJBHwAEAAAAAAEIeAQcAAAAAAAh5BBwAAAAA
ACDkEXAAAAAAAICQR8ABAAAAAABCHgEHAAAAAAAIeQQcAAAAAAAg5BFwAAAAAACAkEfAAQAAAAAA
Qh4BBwAAAAAACHkEHAAAAAAAIOQRcAAAAAAAgJBHwAEAAAAAAEIeAQcAAAAAAAh5BBwAAAAAACDk
EXAAAAAAAICQR8ABAAAAAABCHgEHAAAAAAAIeQQcAAAAAAAg5BFwAAAAAACAkEfAAQAAAAAAQh4B
BwAAAAAACHkEHAAAAAAAIOQRcAAAAAAAgJBHwAEAAAAAAEIeAQcAAAAAAAh5BBwAAAAAACDkEXAA
AAAAAICQR8ABAAAAAABCHgEHAAAAAAAIeQQcAAAAAAAg5BFwAAAAAACAkEfAAQAAAAAAQh4BBwAA
AAAACHkEHAAAAAAAIOSF3esnAIQKj8ej4uJiVVZWqq2tTR6PR/Hx8fr5z3+u5OTke/30AAAAAOBH
jYADGAe3260PP/xQtbW1GhoaksfjkSR1dHTI6/Xe42cHAONz7NgxnT9/XpL0y1/+UnPnzr3HzwgA
AGDqEHBMsaamJr377rvy+XwymUySZPzs8/kkyfh5rN/98z//syIjI+/Z60CwkydPqqKiQm63WxaL
RTk5OUpMTNTQ0JBiYmLu9dPDJBUXF+vo0aNB196t12V4eLiioqKUlpamrKwsZWdnKzw8/I4e1+Px
6OOPP1Zzc7PWrVunTZs2TcXL+dHx+XyqqqpSWVmZWlpaNDg4KJvNppkzZ2rNmjXKzMy810/xvjMw
MKDOzk5JksvlmvD9Ozs7tXfvXjkcDm3fvl3z58+f6qcIAAAwaQQcU8ztdhtfHu+Ev4OFe8/n86mg
oEBut1smk0mvvPKKMjIyZLFY5PP5ZLPZ7vVTxCQ5nc7bXq8mk0kmk0nNzc0qKytTfn6+fvrTn97R
yHdTU5PKysrkdrv1zTffaMOGDTKbKYk0ER6PRwcPHlRFRYWcTqfcbrcRUN24cUOVlZV6/PHHtWHD
hnv9VB8opaWlqqurk9fr1enTpwk4AADAfYWAY4olJCToqaeeGvHfvF6vvv76a0lSZGTkmKO2dzpC
jKnT29urnp4eSdLMmTO1cOFChYVx6TxoMjIytGjRomG/d7lc6urq0qVLl9Tf3y+Hw6H33ntPL730
krKysib1WPHx8QoLC5PL5VJKSgrhxiR8//33KioqksvlktVq1YYNG5SYmKiuri6dO3dOfX19+vLL
LzVz5kxmckyh1NRUeb1e+Xw+paam3uunAwAAEIRe2hSLi4vTpk2bhk1zl6ShoSEj4LDZbMbtJA2b
Ik/Acf9wOBxGnY2kpCTCjQfUrFmz9Oijjw5bNibdnC0wODioL774QsXFxerp6dHBgwf1u9/9Tlar
dcKPFRcXp7feektdXV2aMWPGlL6OH4vTp08bSyxeeOEFLViwQBaLRR6PRwsXLtRf/vIXORwOFRYW
EnBMoQULFujtt9+Wy+XSrFmz7vXTAQAACEJPbYqZzeZRlyz4wwz/zyxtCA2By4UYaX9whYWFKSIi
YtR/j46O1o4dO3T9+nW1trbqxo0bqq6u1ooVKyb8WGazWenp6UpJSSEwmwSHw6GOjg5JUnJyspYu
XRp0HhcsWKD4+Hh1d3ervb39Xj3NB1J4eLjmzJkjn88ni8Vyr58OAABAEL5ZhwiHw6GSkhJVV1er
s7NTPp9PMTExyszM1OrVq5WSkjLi/f7f//t/am1tldVq1R/+8AfV1tbqzJkzunHjhpxOp1599VVN
nz5dfX19+tOf/iRJysnJ0dNPP63Lly+rpKREzc3NGhgYUFRUlGbMmKHc3NygEdGWlhYVFhaqsbFR
fX19CgsLU2pqqpYtW6aVK1eOGQoMDQ2puLhYFy9eVHt7u5xOpyIjI5WcnKxFixZp5cqVdzybpb+/
X0VFRbp06ZJ6enrkcrkUExOjWbNmadmyZZo3b96I93vnnXfU2tpq7JgiSRUVFfrXf/1XSTeDj9df
f13p6enjeh5/+tOf1NfXJ6vVqt///vej3u7QoUOqrKyUJOP9uZXP51N1dbXKy8t1/fp1ORwOhYeH
KyEhQVlZWVq9erXi4uJu+5waGxtVWFiolpYW9fb2KjIyUikpKca5pwMTLCYmRmvXrtWRI0fk9Xp1
5coVI+BwOBz6j//4D0k3O9g///nPVVhYqNLSUnV0dMhkMumPf/yjJMlut+s///M/5fP5NGfOHO3Z
s0eSVFNTo3379slkMik3N3fU5W6SVFZWpk8//VQ+n0+PPvqoNm7cGPTvbrdb5eXlqq6uVmtrqwYH
B2W1WjVt2jQtWLBAq1atGlch45aWFqPuQl9fn7xer+Li4pSRkaHVq1crLS0t6PYfffSRLl++LEn6
2c9+puzs7BGP6/V69V//9V+y2+0ym8363e9+p+jo6Ns+n8D7Szdnw40UEg0ODkrSuK6D8XC73Sop
KVFNTY3a29s1MDAgq9WqtLQ043q5XVjlb4suX76srq4uud1uRUdHa9asWcrOzh61LRrtOBNt08br
u+++08mTJyXdPH+vvPKKYmNjJUnV1dU6ePCgfD6fNm3aNOZSy87OThUWFqq+vl7d3d0KDw9XfHy8
5s+fr9zcXEVFRY1635HauLCwMCUmJk6ojQMAAD8uBBwhoL6+XgcOHFB3d7dcLpfR4W5ra9PVq1d1
/vx5bd26VWvWrBl2356eHnV1dclisejs2bM6evSoBgcH5fF45PP5jGN5vV6j2GJnZ6cOHz6s4uJi
o3if1+uV2WxWS0uLKioq9MQTT2j9+vXKz8/XiRMnNDg4KJfLJa/XK5PJpLa2Nl26dElVVVV64YUX
Ruwo37hxQ3v37tWNGzeMrVf9S3RaW1tVU1Ojc+fO6Re/+IWSkpImde7Ky8t19OhR9fX1aWhoyFg7
3tHRoebmZhUXF2vRokV67rnnho3e9/b2DitAOTQ0FPS7wPDjdrq7u9XT0zPmLAHpZufX/xhut3vY
vzudTu3fv1+1tbVyOp3yeDzGeb9x44bq6up07tw57dixQwsXLhzxMdxutz777DOVlJSM+B5XV1er
qKhIL7744oQ6nT8GgR363t5e42efz2e8b93d3Tp48KBKS0uN9yhwKUvg9ZaYmGj8fvbs2XI4HBoc
HFRRUZGefPLJoJlfgcrKyoxj3FrwtLOzU/v27dO1a9eMayvwM3L58mWdPXtWu3btGnOZQV5enr77
7js5nU7j+vZfP01NTSosLNTmzZuDwpWMjAxjG9KSkpJRA46mpiY1NzfL5/Np7ty5E9o1ymazKSEh
Qd3d3WptbVVXV5dxHn0+n44dOyan0ynpZmB7pzo6OvTxxx+rpaXFaIMD27qLFy/q/Pnz2r17t6ZN
mzbiMcZqi65du6aSkhItXrxYO3bsGLONuF2bduHCBS1evHjENm08ioqK9OWXX8rhcCgqKkq//OUv
g9qAwDbQ4XCMepwzZ87o66+/DvrbIN0MzOrq6nT27Fm98MILI37+xmrj2trajPs/99xzo7ZxAADg
x4mA4z535coVvf/+++rt7ZXZbNby5cuNL4QtLS0qLi5Wd3e3jhw5ooSEhFEr2ns8Hn3++eey2+2K
jIxUWlqaPB7PiCOOVVVV8vl8io6OVnZ2tmJjY9Xf32/MHhkaGtKXX36pjo4OnTt3Tm63W8uWLVNa
WpqcTqeampp06dIlYwR5zpw5w0aX/YUaW1pa5PV6lZWVpQULFigiIkLd3d0qKSlRT0+P6uvr9f77
7+vNN9+ccK2DiooK7d+/X3a7XZK0aNEiZWZmKjw8XJ2dnSotLVVfX59KSko0MDCgV155JSiIee65
5+R0OtXR0aGDBw9KkubNm6fNmzcbnc7JBi934sCBAyovL5fL5VJSUpJWrlypmJgY9ff3q7a2Vlev
XpXT6dRHH32k3/72t8NmmHi9Xn3wwQeqrq7W0NCQ0tLSlJ2drZiYGNntdlVUVOj69eu6dOmSPvro
I7322mujdrJ/jAI7daN1IOvq6lRXV6ehoSHFxcUpLi7O6OCNJTIyUkuWLNGFCxfU1dWl5ubmETuA
brdb1dXVkqT09PSg99hut+uvf/2rWlpa5PF4NGfOHC1ZskTR0dHq7e1VWVmZWltbdf36db3//vv6
+7//+xFDrFOnTun48eMaHByUxWLR8uXLlZaWJqvVqmvXrhm1SL766itZrVatXbtWkrRixQp9+umn
cjqdqq6uNrZuvVVlZaWx/CsnJ2dCy79MJpMeeeQRHT16VC6XS0ePHtWLL76o3t5effbZZ8ax169f
rwULFoz7uCMJPJ9er1cpKSlatmyZYmNj5XA4VF5ebnTa33vvPf3mN78ZFtaMty0qLi6W3W4f1haN
5zgdHR0qKysbs027naqqKh0+fFgOh0NWq1Uvvvii5syZM+GleSdOnNDx48c1MDCg6OhorVmzRomJ
iXK5XKqvrzc+F++9957efvttY3aI361t3IoVKxQbGyu73a6ampqgNu43v/nNiLPcAADAjxMBx33M
brfrwIEDxqj/r371K82ePVthYWHG7IuVK1fqf//3fzUwMKDPP/9c//AP/zDql1Gn06lnn31WK1as
UHh4uBFijHS75cuXa/v27YqMjJTZbJbX69XmzZt15MgRlZWVaWBgQAUFBTKZTHr99dc1Y8YMY9tU
t9utiooK7du3Ty6XS6dPnx4WcFy4cMHoMKxYsUI7d+5UeHi4TCaTvF6vHnnkEX3wwQdqbGxUU1OT
ioqK9PDDD4/73PX29urw4cPq7++XxWLR7t27tWjRImO5i/8x9u7dq4aGBtXU1Cg/P1+bN282juFf
Zx54jmJjY4M6TD90TQ7/9qL+3Td+/etfKzo62niPNmzYoGPHjqmgoEC9vb3Ky8vTiy++GHSM7777
TpWVlXK73crJydGzzz4rm81mHOPhhx/W/v37VVVVpdraWpWVlU2qzsSDqqyszPh5tI6VP9h44YUX
lJGRIbPZPO6tn1evXq0LFy7I6/WqoqJixIDj8uXLRtCSk5MT1InNy8vT9evX5fV6tXHjRm3ZskVW
q9W4ttatW6cPP/xQly9fVnt7uwoLC/Xoo48GHb+jo8MYfbfZbHrllVc0c+ZMWSwWmUwm47Pz7rvv
yuFw6IsvvtCSJUsUGxuryMhILV68WCUlJRocHFRNTc2In5/y8nJJksViGXWWx1jWr1+viooKNTY2
qry8XPv379eVK1fU3d0tt9utLVu2aPPmzXdc4+Trr7822qrc3Fxt27Yt6HpZt26dDh8+rLKyMjU1
NSk/Pz9oaVFvb68OHTo0YltkMpnk8Xhu2xaN9zjr16+/7XFGU1dXp3379slutxvH9xdunYiGhgYj
3EhPT9dLL72khIQE4+/DunXrVFBQYITkeXl5+tnPfmbc/9Y27vXXX1dMTIxxvtevXx/Uxn377bfD
2jgAAPDjRcXE+9jp06d148YNSdLWrVs1f/58RUVFyWq1KiIiQlFRUVqwYIExBbu5uVkNDQ2jHu+p
p57SI488omnTpik2NlZxcXEjfnmNi4vTjh07NG3aNEVGRioiIkKRkZFKTEzUtm3bjNsNDQ1py5Yt
mjt3rqKiohQRESGbzaaYmBitWrXKmMrf0dGhvr6+oMdoaGgwRrTXr1+vmJgYRUREyGq1ymazKSkp
SVu3bpV0M4yoqamZ0LkrKChQV1eXJGnTpk1asWKF8Rj+15Oamqpdu3YpIiJCbrdbJ06c0MDAgHEM
s9ksi8USdI5MJpPxO39n74fU3Nxs7ByxatUqTZs2TTabzThvcXFx2rp1qzHbxT/K72e323X8+HG5
3W4lJyfrpz/9qRISEoKOER8fr23btsliscjtduvMmTM/6Gu8X/l8Pp06dUpVVVWSbhYlXbp06Yi3
NZvNeumll7R06VLFx8cb19t4zJs3zxjRLi0tHTEY8YcDJpNpWHhQVVVlFDF+4oknFBsbG3RtJSQk
6PHHHzdek79eRqDvv//emCWwdetWZWVlGde41Wo12p7HHntMktTX12fUjTGZTEHL5YqLi4cdv6Wl
RW1tbZKkhQsXDhvBHw+bzaZdu3YpNjZWLpdLRUVFam9vV1RUlF5++WU99thjE1r2MpKenh6dO3dO
Xq9XSUlJ2r59+7DrJSEhQTt27FBsbKy8Xq/Onj0bNFunoKBA3d3dkoa3RVardVxt0WSPc/LkyWHH
GUlzc7M+/PBD9fb2ymQyaceOHVq2bNmkavB8+eWXGhgYkMVi0fPPP6/09HRFRkYaf7diYmK0ceNG
JScny+fzqbCw0KiX4n8u/jZu9erVSkpKmlAbBwAAftyYwXGf8vl8On/+vHw+nyIiIvTQQw+N+GXT
YrFo9erVKiwslNfr1aVLl4atx/d7+OGHx7UmOzk5edTOWHJysqKjo43Oz2iFKP3F91pbW+X1etXX
1xfUiQmc+eA/ViCTyaSsrCy99dZbkjShjkrguQsLC9OmTZtGLFRqMpmUlpamVatWqaCgQHa7XdXV
1Vq9evW4H+uHFniu+/v7RwxYYmJi9Oabb45Yv6Oqqkr9/f2SNGaRvvT0dM2ZMydoqcVktkMNJa2t
rSoqKhr2e7fbrZ6eHl2+fFnXrl0zOl9PPPHEqPUWZs6cqczMzEl1EMPDw7V8+XKdPn1a7e3tun79
etBWsh6PxwgTMjIyhi2T+u1vf2vUshmtfsrs2bONnwPriEg3r58LFy5IkqKiopSbmztq27Ny5Url
5eVJuhla+M2bN0/x8fHq6elRTU2NUaTYr6qqyggBcnJyJh0UdnR0GO+H/7+PPfaYli1bNiW701RV
VRm1PNauXauYmJgRbxcXFxc0a6Wvr0/x8fETaotSU1NHbYtuPc7GjRvH1ab5lxaO1aa1t7fr/fff
NwLhbdu2KTc3d1LFndvb23XlyhVJUlZWlmbPnj3ie2uz2bRy5Up98803GhgYUHNzs1EYNfCz1tfX
d9s27sewfM7hcKixsVFOp1Pp6elKTU29o+N5PB41NDSot7dXiYmJmjNnzh2dx6k+HgAAd4KA4z7V
3d1tjNYlJiaqoaFh1C8MgQHB9evXRz3meAvOmc3mUR/LbDbLarUaOx8EFki8VWCH2N/58FuyZIlR
iPCzzz7T4OCgli5dGtSBCAsLC9qtZbw6OzuNc5eZmTnm6LDJZFJ2drYKCgrk8/l05cqV+zrgyMrK
Unh4uFwulwoLC43ZMsnJyUG3G61wZH19vfFzWFjYmDNj/HUTXC6XOjo6Hvh17pcvX1ZjY2PQ70wm
k3w+n7xer1HQMTw8XI8//rg2btw46hKl8PDwO9qBZtWqVTp9+rS8Xq+qqqqCAg7/bkWSRtylKCEh
YcRjejweI/QKnBVya6Hczs5O4/izZ88eM1xMSkrSH/7wB0nB13t4eLhWrlypkydPGrU4Aq8r/wyU
iIgILVmyZNTjj8bn8ykvL884flRUlFGMMi8vT1lZWcM+rzU1NXK5XIqPjx+zsGqgwOtlrJ1JTCaT
tm/frieffFKSjDZnIm2R2WwetS269ThjzQaaSJvmcDj00Ucfqa2tTT6fT5s3b9aGDRsmHWZevXrV
+DzFxMSMODvIL/Az2NLSYpzfO23jHjRXr17V3r171dfXZ2zNu2HDBm3ZsmVSx7Pb7frggw+MAr9m
s1nz5s3TCy+8MKlQcKqPBwDAneKvz32qu7vbGOFsa2vThx9+OOptA78ojjQbYqoFhh9j1aAIvN2t
0+yXLFmijRs36tSpU+rq6tJnn32mY8eOKTU1VRkZGcrMzFRWVtakviD19PQYj5eWlnbbkaTA0TD/
KOb9KiEhQTt37tTBgwfldDp18uRJFRQUKCEhwThv/qVMI+no6DB+zsvLG7MT7h+5ln6Yz9W95nK5
hgVx0s0gKDIyUjNmzNDcuXOVnZ2tlJSUSe1QMV6zZ89WcnKy2tvbVVpaaiwpkf6vOKe/8Odourq6
VFZWprq6OmML5vHUAent7TVud7siumOFnLm5ucZWo6WlpUGd9ebmZkk324HJLCP54osvdPr0aQ0O
Dmr27NnauXOnGhoadOjQIfX29uqDDz7Q66+/HhT2HDhwQE6nU6tXrx5357inp8f4+XbnIioqath1
N1Vt0d1q07766iu1t7cbx/YXep6swPaloqJCtbW1o942cIZZYPsyVhs3Z84czZ07d8w27kHzySef
qKWlJejazcvL04IFC4JmYo3X8ePHdenSpaBgs7y8XBkZGcNqZd2L4wEAcKcIOO5TgZ1Lj8djLCu4
nZGWJdyPwsPD9dRTT2nBggUqKCgwprH39fWpoaFB33//vWJjY7VmzRo98sgjE5ouHbieezydp8Db
jLXt4f3AbDYrJydHaWlpOnPmjMrKytTb26v+/n61tLSoqKhIERERWrZsmX7yk58oPj4+6P6Bn6uJ
vNZQ+VzdiXXr1o04KmoymYx6LGFhYbJarXe9uKx/+cc333yjlpYW3bhxQ6mpqfL5fEaR0/nz5484
ku+vFZKfn29s0enfgnk8Aj8jI+1+Ml7p6emaOXOmmpubVVtbK7vdrujoaFVXVxudoVWrVk34uJWV
lcbWtbNmzdKePXuUkJCgtLQ09fT06Ntvv1Vra6s++OADvfrqq4qMjNTAwIA6Ozvl8/km3ZZMpuM/
VW3R3WrT2tvbg+qFfP7555o1a9akw4OhoaGgnwP/fyyB7cvt2rgLFy4oIiJC2dnZevTRR4e1cQ+S
vr4+NTU1Dbt2BwcHVV9fP6mAo6amZtisLbfbrdra2kkFElN9PAAA7hQBx30qcGR9zZo1xtTn2wml
KaGRkZFatGiRMjIy1N/fr8bGRqNQanNzs+x2u77++mtVV1drz5494/7SHdiBGU/HPHDU/m6Oyk+V
8PBwzZo1S8nJydqyZYuuXbumpqYmNTY2qq6uTna7XWfOnNHFixf10ksvaebMmcZ9Az9X//RP/zTu
czqZIpChxmazjVpT415YtWqVvvnmG3m9XlVWVio1NVXXrl0zRuRHq13x3Xff6dixY3I4HEpKSlX5
rEUAABDASURBVNLDDz+sOXPmKCYmxmgffD6f/u3f/m3Exw1sQ0aa0TJe/o5qc3OzhoaGVFVVpTVr
1qiiokLSzSUMo21rPZYzZ84YIczWrVuVmJgok8kkq9Wqxx9/XF1dXSopKVFDQ4P27t2rl19+WfX1
9UYnMXC5z+3c2pZMtC7FVLVFd6tN83q9WrRokaxWq8rKynT9+nV9+umn2r1796RqKAS2Lzt37tTi
xYvHdb9bQ5vANu7xxx9Xc3PzsDauoKBA1dXVw9q4B4nVah01mJzs3/rR7jeZmit343gAANyp0OkN
/8gEdjz7+/vvq47XVLJYLIqOjlZUVJSmTZum7Oxsud1utbe369NPP1VjY6OuXLmikydPBu3gMpbA
znh7e/ttbx84rfpuduSnsuia2Ww2psTHx8drwYIFcrlcstvtOnHihM6fP6+2tjYdOnRIb7/9tnG/
wKKTXq/3gf1cPQhSUlI0e/ZsXb16VWVlZdq8ebMqKyvl9XpltVpH3MFlaGhIx48fl8PhUEJCgn79
618rLi7O2ErU/xkMHLW/VWAdnMAlGpORk5OjL774Qh6PRyUlJVqyZInq6uokScuXL59UrYempiZJ
Nzt/8+bNC7qubDabduzYod7eXtXV1amqqkqHDx82CqlaLJZRizCP5NZzMdHlNFPVFt2tNm3u3Lna
vXu3fD6fmpub1dnZqeLiYmVlZQXthDNegX+3hoaG7qh9CWzj4uLitGDBArndbvX394/Zxj1IrFar
srOzg7amlv5vcGAycnNzjWso0GRmU92N4wEAcKfYJvY+lZKSYoyA1NXVjWurv1DR39+v0tJSlZaW
Gl+MTCaTwsPDFRkZqdjYWGVkZGjXrl0ymUzyeDzDvuCNJTk52fiifeXKlduOQgeuE8/IyJjEKxof
//vpdrvHvVwgkH95QmlpqS5evGj8PiwsTDabTbGxsUpLS9P27duNLRgbGxuDOqmBI51sr3h/M5vN
WrlypSQZnU9/cc7FixeP2Nm+fv26sZxt8eLFSk5OVkRExJiFg2/lv490s8DhWGGIx+NRfn6+8vPz
R/w8+cM36WYR13PnzhnXo39768nyer0j1pCJjY3VL37xC6Wmpsrtduv8+fPG9bJ8+fJRd0IZSeAS
gKtXr45527q6OuNc+NvrqWqL7labtnHjRsXHxys+Pl7PP/+8LBaLXC6XPv/886BdccYrcHaMfzvl
ibhdGxcTE3PbNu5B4t+yd926dYqLi1NERITmzp2rPXv2jFngeywPPfSQnn76aSUlJSk8PFxpaWl6
/vnnJx2YTPXxAAC4UwQc9ymr1aqFCxdKurkm/rvvvhvz9vX19Wpra/shntodczgcOnDggA4cOKDj
x4+PeBuz2azU1FQjFJhIvYiwsDCj+KLD4VBhYeGYz+Xs2bOSbo7ujjQqPlX8I6kej0ednZ0j3sbj
8Yy6E47JZNLRo0d14MAB7du3b8Sp6v6tQf07Dng8nqB18EuXLjU6umfOnBm2Reitz6WoqGjMDi7u
rhUrVshsNsvj8ejEiRNqbW2VdHN0dKTAYnBw0AjPnE7nqKFGQ0PDqI8ZFhZmXAf+bV5H09jYqGPH
junYsWNG4dBAJpPJGMl1uVzGlrLTpk2bdJiYlpYm6WZQ6J8NcqukpCS9+OKLiomJ0dDQkFwul2w2
m5566qkJzaQKvF7Onj07ZjCZl5enY8eO6ZtvvjGm7U9VW3S32jR/jRWTyaR58+YZxWz7+vq0f//+
cdfQ8Js9e7ZRF6ahoWHMz44klZWVBdUXmYo27kETFxenZ599Vv/4j/+o3//+9/rVr341bObSRERE
RGjDhg1666239Mc//lFvvPGGcnNzJ73kZaqPBwDAnSLguI9t3rzZKGaYn5+v4uLiEW9XW1urDz/8
UO+8886YHZf7xbRp0xQZGSm73a7q6upRR/oqKyuNkcr09PQJPcbGjRuN9ctfffVV0HaPfkNDQzpw
4IAx+rd27dpRt9icCnPmzDF+zs/PHxYcuN1uHT58eMygKjMzU3a7XT09PcrLyxsxfGhvbzdGmyMi
IoKK8KWnpxsdnr6+Pu3du3fE2UFOp1MHDx7UoUOHtG/fvknNOMGdS0hIUFZWliTp/Pnz8ng8io6O
NsLPWwXu9FFdXT3i1PGLFy/q448/Nv5/pM7hhg0bZDab5fV6dfjw4REDua6uLh05ckQOh0NOp3PU
egtLly41Zpv4P2srVqyY9Da6gTM/jhw5MuLovclkUn9/f9Dn1u12T7iIcEpKipYtWybp5gyO48eP
D7sW/EVda2tr5XA4NG/evKD6A1PVFt3tNs1isWjTpk1GXZSrV6/qyy+/HNd9/axWqzZt2iTpZvDw
ySefjBjY+nw+5efna//+/XrnnXeCimgHtnHHjx+fcBv3oDGZTIqMjFR8fLwSExMVGxt7R1tQS/93
zhITE40lbPfT8QAAuBNE7Pex2bNn64knntBXX30lh8OhTz75RJWVlVq4cKGio6Nlt9tVW1urmpoa
2e12TZs27bZbGd4PLBaLnnnmGf3tb3+Ty+XSxx9/rLlz52rhwoWKiYmRw+FQY2OjysvL5fP5ZDKZ
jC/N45Wamqqnn35ahw8fVl9fn959911lZ2crIyNDVqvVKER47do1+Xw+TZ8+XU8++eSU1sm41apV
q5Sfny+Px6Nz586pvb3dKPDX1dWlqqoqtbe3D6tIH+ixxx5TVVWV+vv7dfLkSV26dElLly7VtGnT
5HK5dOPGDZWUlBgdyfXr1wfVObBYLNq+fbtRrLK2tlb/8z//o5ycHGOXjra2NpWWlqqtrU1DQ0Pj
2pYSd4d/BsSlS5eMIGLZsmWj1q6YNm2aFi5cqJqaGjkcDv3lL3/R0qVLlZSUJKfTqatXrxoFfP1G
CrhmzZqljRs36uTJk2pvb9ef//xnrVq1SqmpqTKbzbp+/bqKi4vV3d0tSdqyZcuoIaTNZlN2drbO
nTtn/O5OlqesXLlSJSUlqqmp0fXr1/XnP/9ZK1as0PTp02WxWNTb26uamho1NDQEvTa32639+/fr
jTfeCKpFMxaz2axt27YZhS2//fZb1dfXa8mSJYqNjVV/f78qKirU2Ngot9uthIQEbdu2Leh6SU1N
1TPPPKNDhw7dUVs0VccZi81m086dO/Xf//3f6u/v15kzZ4ytkcfr4Ycf1uXLl1VdXa329na98847
WrFihebMmaOwsDD19PSovLxcTU1NcjgcioqKClpuFdjG5efn6/LlyxNq4wAAwI8bAcd9zGKx6NFH
H5XFYtFXX30lu92u8vJyXbx40Rhddblccrlcmj17tnbt2jXuL+732pIlS7Rz504dOXJE/f39qqqq
0uXLl2UymeTz+eR2uzU0NKTw8HA988wzxjr+8TKbzVq7dq18Pp+++OIL9fb26vz58yopKZF0c/2+
0+mU1+tVVlaWdu3addd3CklPT9fTTz+tzz//XENDQ7p06ZIaGxuNOiNDQ0NKTExUSkpK0PrzQMnJ
ydqzZ48++ugjdXV1qb6+XteuXTNG9PznTbo5evvYY48NO0ZSUpJeffVV7d27V01NTWppaVFeXp5x
DI/HI6fTKbPZrGeffVYPP/zwXTojGI/s7GwdOnTIeF/HCgfMZrOee+45/fWvf1VLS4t6e3tVVFQk
i8Uir9drTPnfunWrzpw5o66uLg0ODqqrqytoTb/FYtGTTz4pl8ulgoICdXZ26tSpU7JYLDKZTHK7
3XI6nbJYLHriiSf0k5/8ZMxR5dzcXCPgSE9Pn/CMrEARERHavXu3Dh06pPLycrW3t+vUqVPGlHh/
u+h2u41lKf7n39LSov379+vll18e9yh4SkqK9uzZo48//tgIBRsaGow2eGhoSB6PR+np6dq9e7ex
dMLPbDbroYcektfrDWqLiouLZTKZxt0WTdVxxvN6d+7cqb/97W9yOp06fPiwZsyYMe6CoTabTbt3
79ann36qCxcuqLu7WwUFBcaymsBzlpubq2eeeSbovRirjfP5fEFLUkZr4wAAwI8XAcd9zr++df78
+bpw4YIuXbqk7u5uDQ4OymazadasWVq2bJlycnIUGxsbMiPtYWFhys3N1cyZM1VUVKS6ujp1dHQY
oUZSUpLmzZunnJwcTZ8+fVLrea1Wq9atW6fMzEwVFRUZ587lcik6OlqZmZnKzs7W0qVLf5BgyGw2
65FHHlFKSorOnj1rjDBHREQoNTVVixYt0po1a1RQUDBqwGEymZSZmak33njDGMVubW3V4OCgzGaz
4uLiNGfOHOXk5CgzM3PEQpQmk0np6el67bXXVFlZqYqKCl27dk12u10mk0nx8fHKzs7WmjVrNGvW
rJDYOvdB5t8xoaysTAkJCcrMzBzz9snJyXr99ddVWFioyspK3bhxQ0NDQ4qLi1NWVpbWrl2rmTNn
yuv1qrGxUZLU29s7rGihzWbT008/rcWLF6ukpET19fXq7++Xx+NRQkKCli9froceekgzZswwajmM
JnBmWU5Ozh1PsY+Pj9euXbu0evVqlZaW6urVq+rr65PH41FUVJRmzZql+fPnKzs7WwkJCXK5XKqv
r1dTU5Oqqqp0/PjxcW+9bTabNXfuXL355pu6cOGCLl68qLa2Ng0ODioiIkIZGRlatmyZli9frvj4
+BHb4Klqi36INs1kMmnp0qXasGGDTp06pe7ubh04cECvvfbauN+3uLg4Pffcc8rJyRn22YmOjtbc
uXO1atUqLVy4cNhW1f427s0331RxcfGk2jgAAPDjZfKxuP4H4/P51NXVJenmCOlE1g37R+dcLpe8
Xq+xdMNisSgiImLUKbo9PT3GkoexRuC8Xq8x3Tw8PHzMkT//MU0m05iV3O12u5xOp6SbX3hHCin8
r8vtdgcVlLNYLAoPDzd2gLgTgefO4/HI5/PJYrEoLCxMVqv1tuuFPR6Pent75fP5FBERccdhiMfj
0eDgoFwuV9D76H+9g4ODRq2A0c6bz+cziicG7spiNpuN44ynM+JyueR0OuXxeIy17hM9RihzOp3G
cg2bzTasszURgdf37a6hwOstLCzMKMw4Gv+1NJF2w+l0amhoyLiu/O+rzWaT2WzW4OCg8W82m23U
ENE/o8ff9ox0rNv5/vvvdeDAAZlMJv3Lv/zLsFkOk+WfsXTrc/NfT1ar1Qgc+vr6jJo+k3mv/dec
f/aB/9r1tyPjWSYxUjtuNpvH3RZNxXEGBgaMwp6xsbGj3tbhcBjtUOBndGhoyKiZERkZOWbAMNpn
JywsTBEREWMG11PVxgEAgB8XAg4AwF3j9Xr17//+72ppadHcuXP1d3/3d3ccWgIAAAAj4VsmAOCu
OXHihG7cuCHpZgFKwg0AAADcLdTgAABMqVOnTmlwcFD19fVqaGiQ1+vV9OnTJ7QbBwAAADBRBBwA
gCn17bffBtW9iY6O1u7du9nOEwAAAHcVAQcAYErFx8fr2rVrstlsmjdvnrZs2aLp06ff66cFAACA
BxxFRgEAU6qvr09ut1smk0nh4eGKjIyk9gYAAADuOgIOAAAAAAAQ8hhSAwAAAAAAIY+AAwAAAAAA
hDwCDgAAAAAAEPIIOAAAAAAAQMgj4AAAAAAAACGPgAMAAAAAAIQ8Ag4AAAAAABDyCDgAAAAAAEDI
I+AAAAAAAAAhj4ADAAAAAACEPAIOAAAAAAAQ8gg4AAAAAABAyCPgAAAAAAAAIY+AAwAAAAAAhDwC
DgAAAAAAEPIIOAAAAAAAQMj7/wERaBL15S74AAAAAElFTkSuQmCC
" width="800px"&gt;</msg>
<status status="PASS" starttime="20230516 12:41:16.157" endtime="20230516 12:41:16.752"/>
</kw>
<msg timestamp="20230516 12:41:16.752" level="INFO">xpath criteria: //android.widget.Button[@text="ALLOW"]
xpath criteria: //android.widget.Button[@text="ALLOW"]
xpath criteria: //android.widget.Button[@text="ALLOW"]
xpath criteria: //android.widget.Button[@text="ALLOW"]
xpath criteria: //android.widget.Button[@text="ALLOW"]
xpath criteria: //android.widget.Button[@text="ALLOW"]
xpath criteria: //android.widget.Button[@text="ALLOW"]
xpath criteria: //android.widget.Button[@text="ALLOW"]
xpath criteria: //android.widget.Button[@text="ALLOW"]
xpath criteria: //android.widget.Button[@text="ALLOW"]
xpath criteria: //android.widget.Button[@text="ALLOW"]
xpath criteria: //android.widget.Button[@text="ALLOW"]</msg>
<msg timestamp="20230516 12:41:16.752" level="FAIL">Element locator '//android.widget.Button[@text="ALLOW"]' did not match any elements after 5 seconds</msg>
<status status="FAIL" starttime="20230516 12:41:10.750" endtime="20230516 12:41:16.752"/>
</kw>
<kw name="Click Element" library="AppiumLibrary">
<arg>${allow_c}</arg>
<doc>Click element identified by `locator`.</doc>
<status status="NOT RUN" starttime="20230516 12:41:16.753" endtime="20230516 12:41:16.753"/>
</kw>
<status status="FAIL" starttime="20230516 12:41:07.939" endtime="20230516 12:41:16.753"/>
</kw>
<kw name="final steps" library="create_steps">
<status status="NOT RUN" starttime="20230516 12:41:16.753" endtime="20230516 12:41:16.753"/>
</kw>
<status status="FAIL" starttime="20230516 12:40:30.832" endtime="20230516 12:41:16.754">Element locator '//android.widget.Button[@text="ALLOW"]' did not match any elements after 5 seconds</status>
</test>
<status status="FAIL" starttime="20230516 12:40:30.547" endtime="20230516 12:41:16.756"/>
</suite>
<statistics>
<total>
<stat pass="0" fail="1" skip="0">All Tests</stat>
</total>
<tag>
</tag>
<suite>
<stat pass="0" fail="1" skip="0" id="s1" name="TC 1">TC 1</stat>
</suite>
</statistics>
<errors>
</errors>
</robot>
